{"meta": {"format": 3, "version": "7.6.1", "timestamp": "2025-12-04T10:56:24.523032", "branch_coverage": false, "show_contexts": false}, "files": {"src/__init__.py": {"executed_lines": [], "summary": {"covered_lines": 0, "num_statements": 0, "percent_covered": 100.0, "percent_covered_display": "100", "missing_lines": 0, "excluded_lines": 0}, "missing_lines": [], "excluded_lines": [], "functions": {"": {"executed_lines": [], "summary": {"covered_lines": 0, "num_statements": 0, "percent_covered": 100.0, "percent_covered_display": "100", "missing_lines": 0, "excluded_lines": 0}, "missing_lines": [], "excluded_lines": []}}, "classes": {"": {"executed_lines": [], "summary": {"covered_lines": 0, "num_statements": 0, "percent_covered": 100.0, "percent_covered_display": "100", "missing_lines": 0, "excluded_lines": 0}, "missing_lines": [], "excluded_lines": []}}}, "src/ahenkd.py": {"executed_lines": [], "summary": {"covered_lines": 0, "num_statements": 277, "percent_covered": 0.0, "percent_covered_display": "0", "missing_lines": 277, "excluded_lines": 0}, "missing_lines": [6, 7, 8, 9, 10, 11, 12, 14, 15, 16, 17, 18, 19, 20, 21, 22, 23, 24, 25, 26, 27, 28, 29, 30, 31, 32, 33, 34, 36, 38, 41, 44, 45, 48, 50, 51, 53, 54, 55, 56, 58, 59, 61, 62, 63, 64, 66, 67, 69, 70, 71, 72, 73, 74, 75, 77, 78, 80, 81, 82, 84, 85, 87, 88, 89, 90, 91, 93, 94, 96, 97, 98, 100, 101, 103, 104, 106, 107, 109, 110, 112, 113, 114, 116, 117, 119, 120, 121, 123, 124, 126, 127, 128, 130, 131, 133, 134, 135, 136, 138, 139, 141, 142, 143, 144, 145, 146, 148, 151, 154, 156, 162, 163, 164, 165, 167, 168, 169, 170, 171, 176, 177, 178, 182, 183, 184, 185, 186, 188, 189, 190, 192, 193, 195, 196, 197, 199, 201, 202, 203, 205, 206, 208, 210, 212, 214, 216, 218, 220, 222, 225, 227, 229, 230, 231, 232, 233, 235, 236, 238, 239, 241, 242, 244, 245, 246, 247, 249, 250, 251, 252, 256, 257, 258, 260, 261, 262, 263, 264, 265, 266, 268, 269, 270, 272, 273, 276, 278, 279, 280, 282, 284, 286, 287, 289, 292, 295, 297, 298, 300, 301, 303, 304, 306, 307, 309, 310, 312, 313, 315, 316, 318, 319, 321, 322, 324, 325, 327, 329, 331, 333, 337, 338, 340, 341, 345, 346, 351, 353, 356, 359, 361, 362, 363, 364, 365, 366, 367, 369, 371, 372, 373, 374, 375, 377, 378, 379, 380, 381, 383, 384, 385, 386, 388, 389, 390, 391, 392, 393, 394, 397, 398, 401, 402, 403, 404, 405, 406, 407, 408, 409, 410, 411, 412, 413, 414, 416], "excluded_lines": [], "functions": {"AhenkDaemon.reload": {"executed_lines": [], "summary": {"covered_lines": 0, "num_statements": 1, "percent_covered": 0.0, "percent_covered_display": "0", "missing_lines": 1, "excluded_lines": 0}, "missing_lines": [48], "excluded_lines": []}, "AhenkDaemon.init_logger": {"executed_lines": [], "summary": {"covered_lines": 0, "num_statements": 4, "percent_covered": 0.0, "percent_covered_display": "0", "missing_lines": 4, "excluded_lines": 0}, "missing_lines": [53, 54, 55, 56], "excluded_lines": []}, "AhenkDaemon.init_config_manager": {"executed_lines": [], "summary": {"covered_lines": 0, "num_statements": 4, "percent_covered": 0.0, "percent_covered_display": "0", "missing_lines": 4, "excluded_lines": 0}, "missing_lines": [61, 62, 63, 64], "excluded_lines": []}, "AhenkDaemon.init_scheduler": {"executed_lines": [], "summary": {"covered_lines": 0, "num_statements": 7, "percent_covered": 0.0, "percent_covered_display": "0", "missing_lines": 7, "excluded_lines": 0}, "missing_lines": [69, 70, 71, 72, 73, 74, 75], "excluded_lines": []}, "AhenkDaemon.init_event_manager": {"executed_lines": [], "summary": {"covered_lines": 0, "num_statements": 3, "percent_covered": 0.0, "percent_covered_display": "0", "missing_lines": 3, "excluded_lines": 0}, "missing_lines": [80, 81, 82], "excluded_lines": []}, "AhenkDaemon.init_ahenk_db": {"executed_lines": [], "summary": {"covered_lines": 0, "num_statements": 5, "percent_covered": 0.0, "percent_covered_display": "0", "missing_lines": 5, "excluded_lines": 0}, "missing_lines": [87, 88, 89, 90, 91], "excluded_lines": []}, "AhenkDaemon.init_messaging": {"executed_lines": [], "summary": {"covered_lines": 0, "num_statements": 3, "percent_covered": 0.0, "percent_covered_display": "0", "missing_lines": 3, "excluded_lines": 0}, "missing_lines": [96, 97, 98], "excluded_lines": []}, "AhenkDaemon.init_plugin_manager": {"executed_lines": [], "summary": {"covered_lines": 0, "num_statements": 4, "percent_covered": 0.0, "percent_covered_display": "0", "missing_lines": 4, "excluded_lines": 0}, "missing_lines": [103, 104, 106, 107], "excluded_lines": []}, "AhenkDaemon.init_task_manager": {"executed_lines": [], "summary": {"covered_lines": 0, "num_statements": 3, "percent_covered": 0.0, "percent_covered_display": "0", "missing_lines": 3, "excluded_lines": 0}, "missing_lines": [112, 113, 114], "excluded_lines": []}, "AhenkDaemon.init_registration": {"executed_lines": [], "summary": {"covered_lines": 0, "num_statements": 3, "percent_covered": 0.0, "percent_covered_display": "0", "missing_lines": 3, "excluded_lines": 0}, "missing_lines": [119, 120, 121], "excluded_lines": []}, "AhenkDaemon.init_execution_manager": {"executed_lines": [], "summary": {"covered_lines": 0, "num_statements": 3, "percent_covered": 0.0, "percent_covered_display": "0", "missing_lines": 3, "excluded_lines": 0}, "missing_lines": [126, 127, 128], "excluded_lines": []}, "AhenkDaemon.init_messenger": {"executed_lines": [], "summary": {"covered_lines": 0, "num_statements": 4, "percent_covered": 0.0, "percent_covered_display": "0", "missing_lines": 4, "excluded_lines": 0}, "missing_lines": [133, 134, 135, 136], "excluded_lines": []}, "AhenkDaemon.init_message_response_queue": {"executed_lines": [], "summary": {"covered_lines": 0, "num_statements": 6, "percent_covered": 0.0, "percent_covered_display": "0", "missing_lines": 6, "excluded_lines": 0}, "missing_lines": [141, 142, 143, 144, 145, 146], "excluded_lines": []}, "AhenkDaemon.check_registration": {"executed_lines": [], "summary": {"covered_lines": 0, "num_statements": 15, "percent_covered": 0.0, "percent_covered_display": "0", "missing_lines": 15, "excluded_lines": 0}, "missing_lines": [151, 154, 156, 162, 163, 164, 165, 167, 168, 169, 170, 171, 176, 177, 178], "excluded_lines": []}, "AhenkDaemon.is_registered": {"executed_lines": [], "summary": {"covered_lines": 0, "num_statements": 7, "percent_covered": 0.0, "percent_covered_display": "0", "missing_lines": 7, "excluded_lines": 0}, "missing_lines": [183, 184, 185, 186, 188, 189, 190], "excluded_lines": []}, "AhenkDaemon.shutdown_mode": {"executed_lines": [], "summary": {"covered_lines": 0, "num_statements": 3, "percent_covered": 0.0, "percent_covered_display": "0", "missing_lines": 3, "excluded_lines": 0}, "missing_lines": [195, 196, 197], "excluded_lines": []}, "AhenkDaemon.registration_failed": {"executed_lines": [], "summary": {"covered_lines": 0, "num_statements": 3, "percent_covered": 0.0, "percent_covered_display": "0", "missing_lines": 3, "excluded_lines": 0}, "missing_lines": [201, 202, 203], "excluded_lines": []}, "AhenkDaemon.reload_plugins": {"executed_lines": [], "summary": {"covered_lines": 0, "num_statements": 1, "percent_covered": 0.0, "percent_covered_display": "0", "missing_lines": 1, "excluded_lines": 0}, "missing_lines": [208], "excluded_lines": []}, "AhenkDaemon.reload_configuration": {"executed_lines": [], "summary": {"covered_lines": 0, "num_statements": 1, "percent_covered": 0.0, "percent_covered_display": "0", "missing_lines": 1, "excluded_lines": 0}, "missing_lines": [212], "excluded_lines": []}, "AhenkDaemon.reload_messaging": {"executed_lines": [], "summary": {"covered_lines": 0, "num_statements": 1, "percent_covered": 0.0, "percent_covered_display": "0", "missing_lines": 1, "excluded_lines": 0}, "missing_lines": [216], "excluded_lines": []}, "AhenkDaemon.reload_logger": {"executed_lines": [], "summary": {"covered_lines": 0, "num_statements": 1, "percent_covered": 0.0, "percent_covered_display": "0", "missing_lines": 1, "excluded_lines": 0}, "missing_lines": [220], "excluded_lines": []}, "AhenkDaemon.update_plugin_manager": {"executed_lines": [], "summary": {"covered_lines": 0, "num_statements": 1, "percent_covered": 0.0, "percent_covered_display": "0", "missing_lines": 1, "excluded_lines": 0}, "missing_lines": [225], "excluded_lines": []}, "AhenkDaemon.init_signal_listener": {"executed_lines": [], "summary": {"covered_lines": 0, "num_statements": 5, "percent_covered": 0.0, "percent_covered_display": "0", "missing_lines": 5, "excluded_lines": 0}, "missing_lines": [229, 230, 231, 232, 233], "excluded_lines": []}, "AhenkDaemon.init_pid_file": {"executed_lines": [], "summary": {"covered_lines": 0, "num_statements": 2, "percent_covered": 0.0, "percent_covered_display": "0", "missing_lines": 2, "excluded_lines": 0}, "missing_lines": [238, 239], "excluded_lines": []}, "AhenkDaemon.init_fifo_file": {"executed_lines": [], "summary": {"covered_lines": 0, "num_statements": 4, "percent_covered": 0.0, "percent_covered_display": "0", "missing_lines": 4, "excluded_lines": 0}, "missing_lines": [244, 245, 246, 247], "excluded_lines": []}, "AhenkDaemon.set_register_user": {"executed_lines": [], "summary": {"covered_lines": 0, "num_statements": 3, "percent_covered": 0.0, "percent_covered_display": "0", "missing_lines": 3, "excluded_lines": 0}, "missing_lines": [250, 251, 252], "excluded_lines": []}, "AhenkDaemon.disable_local_users": {"executed_lines": [], "summary": {"covered_lines": 0, "num_statements": 15, "percent_covered": 0.0, "percent_covered_display": "0", "missing_lines": 15, "excluded_lines": 0}, "missing_lines": [257, 258, 260, 261, 262, 263, 264, 265, 266, 268, 269, 270, 272, 273, 276], "excluded_lines": []}, "AhenkDaemon.default_settings": {"executed_lines": [], "summary": {"covered_lines": 0, "num_statements": 2, "percent_covered": 0.0, "percent_covered_display": "0", "missing_lines": 2, "excluded_lines": 0}, "missing_lines": [279, 280], "excluded_lines": []}, "AhenkDaemon.run": {"executed_lines": [], "summary": {"covered_lines": 0, "num_statements": 39, "percent_covered": 0.0, "percent_covered_display": "0", "missing_lines": 39, "excluded_lines": 0}, "missing_lines": [284, 286, 287, 289, 292, 295, 297, 298, 300, 301, 303, 304, 306, 307, 309, 310, 312, 313, 315, 316, 318, 319, 321, 322, 324, 325, 327, 329, 331, 333, 337, 338, 340, 341, 345, 346, 351, 353, 356], "excluded_lines": []}, "": {"executed_lines": [], "summary": {"covered_lines": 0, "num_statements": 124, "percent_covered": 0.0, "percent_covered_display": "0", "missing_lines": 124, "excluded_lines": 0}, "missing_lines": [6, 7, 8, 9, 10, 11, 12, 14, 15, 16, 17, 18, 19, 20, 21, 22, 23, 24, 25, 26, 27, 28, 29, 30, 31, 32, 33, 34, 36, 38, 41, 44, 45, 50, 51, 58, 59, 66, 67, 77, 78, 84, 85, 93, 94, 100, 101, 109, 110, 116, 117, 123, 124, 130, 131, 138, 139, 148, 182, 192, 193, 199, 205, 206, 210, 214, 218, 222, 227, 235, 236, 241, 242, 249, 256, 278, 282, 359, 361, 362, 363, 364, 365, 366, 367, 369, 371, 372, 373, 374, 375, 377, 378, 379, 380, 381, 383, 384, 385, 386, 388, 389, 390, 391, 392, 393, 394, 397, 398, 401, 402, 403, 404, 405, 406, 407, 408, 409, 410, 411, 412, 413, 414, 416], "excluded_lines": []}}, "classes": {"AhenkDaemon": {"executed_lines": [], "summary": {"covered_lines": 0, "num_statements": 153, "percent_covered": 0.0, "percent_covered_display": "0", "missing_lines": 153, "excluded_lines": 0}, "missing_lines": [48, 53, 54, 55, 56, 61, 62, 63, 64, 69, 70, 71, 72, 73, 74, 75, 80, 81, 82, 87, 88, 89, 90, 91, 96, 97, 98, 103, 104, 106, 107, 112, 113, 114, 119, 120, 121, 126, 127, 128, 133, 134, 135, 136, 141, 142, 143, 144, 145, 146, 151, 154, 156, 162, 163, 164, 165, 167, 168, 169, 170, 171, 176, 177, 178, 183, 184, 185, 186, 188, 189, 190, 195, 196, 197, 201, 202, 203, 208, 212, 216, 220, 225, 229, 230, 231, 232, 233, 238, 239, 244, 245, 246, 247, 250, 251, 252, 257, 258, 260, 261, 262, 263, 264, 265, 266, 268, 269, 270, 272, 273, 276, 279, 280, 284, 286, 287, 289, 292, 295, 297, 298, 300, 301, 303, 304, 306, 307, 309, 310, 312, 313, 315, 316, 318, 319, 321, 322, 324, 325, 327, 329, 331, 333, 337, 338, 340, 341, 345, 346, 351, 353, 356], "excluded_lines": []}, "": {"executed_lines": [], "summary": {"covered_lines": 0, "num_statements": 124, "percent_covered": 0.0, "percent_covered_display": "0", "missing_lines": 124, "excluded_lines": 0}, "missing_lines": [6, 7, 8, 9, 10, 11, 12, 14, 15, 16, 17, 18, 19, 20, 21, 22, 23, 24, 25, 26, 27, 28, 29, 30, 31, 32, 33, 34, 36, 38, 41, 44, 45, 50, 51, 58, 59, 66, 67, 77, 78, 84, 85, 93, 94, 100, 101, 109, 110, 116, 117, 123, 124, 130, 131, 138, 139, 148, 182, 192, 193, 199, 205, 206, 210, 214, 218, 222, 227, 235, 236, 241, 242, 249, 256, 278, 282, 359, 361, 362, 363, 364, 365, 366, 367, 369, 371, 372, 373, 374, 375, 377, 378, 379, 380, 381, 383, 384, 385, 386, 388, 389, 390, 391, 392, 393, 394, 397, 398, 401, 402, 403, 404, 405, 406, 407, 408, 409, 410, 411, 412, 413, 414, 416], "excluded_lines": []}}}, "src/base/__init__.py": {"executed_lines": [1], "summary": {"covered_lines": 0, "num_statements": 0, "percent_covered": 100.0, "percent_covered_display": "100", "missing_lines": 0, "excluded_lines": 0}, "missing_lines": [], "excluded_lines": [], "functions": {"": {"executed_lines": [], "summary": {"covered_lines": 0, "num_statements": 0, "percent_covered": 100.0, "percent_covered_display": "100", "missing_lines": 0, "excluded_lines": 0}, "missing_lines": [], "excluded_lines": []}}, "classes": {"": {"executed_lines": [], "summary": {"covered_lines": 0, "num_statements": 0, "percent_covered": 100.0, "percent_covered_display": "100", "missing_lines": 0, "excluded_lines": 0}, "missing_lines": [], "excluded_lines": []}}}, "src/base/config/__init__.py": {"executed_lines": [1], "summary": {"covered_lines": 0, "num_statements": 0, "percent_covered": 100.0, "percent_covered_display": "100", "missing_lines": 0, "excluded_lines": 0}, "missing_lines": [], "excluded_lines": [], "functions": {"": {"executed_lines": [], "summary": {"covered_lines": 0, "num_statements": 0, "percent_covered": 100.0, "percent_covered_display": "100", "missing_lines": 0, "excluded_lines": 0}, "missing_lines": [], "excluded_lines": []}}, "classes": {"": {"executed_lines": [], "summary": {"covered_lines": 0, "num_statements": 0, "percent_covered": 100.0, "percent_covered_display": "100", "missing_lines": 0, "excluded_lines": 0}, "missing_lines": [], "excluded_lines": []}}}, "src/base/config/config_manager.py": {"executed_lines": [5, 6, 7, 8, 11, 12, 19, 20, 21, 23, 24, 29, 30, 31, 33, 34, 35, 36, 38, 39, 41], "summary": {"covered_lines": 20, "num_statements": 20, "percent_covered": 100.0, "percent_covered_display": "100", "missing_lines": 0, "excluded_lines": 0}, "missing_lines": [], "excluded_lines": [], "functions": {"ConfigManager.__init__": {"executed_lines": [20, 21], "summary": {"covered_lines": 2, "num_statements": 2, "percent_covered": 100.0, "percent_covered_display": "100", "missing_lines": 0, "excluded_lines": 0}, "missing_lines": [], "excluded_lines": []}, "ConfigManager.read": {"executed_lines": [24, 29, 30, 31, 33, 34, 35, 36, 38, 39, 41], "summary": {"covered_lines": 11, "num_statements": 11, "percent_covered": 100.0, "percent_covered_display": "100", "missing_lines": 0, "excluded_lines": 0}, "missing_lines": [], "excluded_lines": []}, "": {"executed_lines": [5, 6, 7, 8, 11, 12, 19, 23], "summary": {"covered_lines": 7, "num_statements": 7, "percent_covered": 100.0, "percent_covered_display": "100", "missing_lines": 0, "excluded_lines": 0}, "missing_lines": [], "excluded_lines": []}}, "classes": {"ConfigManager": {"executed_lines": [20, 21, 24, 29, 30, 31, 33, 34, 35, 36, 38, 39, 41], "summary": {"covered_lines": 13, "num_statements": 13, "percent_covered": 100.0, "percent_covered_display": "100", "missing_lines": 0, "excluded_lines": 0}, "missing_lines": [], "excluded_lines": []}, "": {"executed_lines": [5, 6, 7, 8, 11, 12, 19, 23], "summary": {"covered_lines": 7, "num_statements": 7, "percent_covered": 100.0, "percent_covered_display": "100", "missing_lines": 0, "excluded_lines": 0}, "missing_lines": [], "excluded_lines": []}}}, "src/base/deamon/__init__.py": {"executed_lines": [], "summary": {"covered_lines": 0, "num_statements": 0, "percent_covered": 100.0, "percent_covered_display": "100", "missing_lines": 0, "excluded_lines": 0}, "missing_lines": [], "excluded_lines": [], "functions": {"": {"executed_lines": [], "summary": {"covered_lines": 0, "num_statements": 0, "percent_covered": 100.0, "percent_covered_display": "100", "missing_lines": 0, "excluded_lines": 0}, "missing_lines": [], "excluded_lines": []}}, "classes": {"": {"executed_lines": [], "summary": {"covered_lines": 0, "num_statements": 0, "percent_covered": 100.0, "percent_covered_display": "100", "missing_lines": 0, "excluded_lines": 0}, "missing_lines": [], "excluded_lines": []}}}, "src/base/deamon/base_daemon.py": {"executed_lines": [], "summary": {"covered_lines": 0, "num_statements": 82, "percent_covered": 0.0, "percent_covered_display": "0", "missing_lines": 82, "excluded_lines": 0}, "missing_lines": [2, 3, 4, 5, 6, 9, 16, 18, 19, 20, 21, 22, 24, 30, 31, 32, 34, 35, 36, 37, 40, 41, 42, 45, 46, 47, 49, 50, 51, 52, 55, 56, 57, 59, 61, 62, 64, 65, 67, 68, 69, 70, 72, 73, 75, 80, 81, 82, 83, 84, 85, 87, 88, 89, 90, 93, 94, 96, 101, 102, 103, 104, 105, 106, 108, 109, 110, 111, 114, 116, 117, 118, 119, 120, 121, 122, 124, 125, 127, 131, 132, 134], "excluded_lines": [], "functions": {"BaseDaemon.__init__": {"executed_lines": [], "summary": {"covered_lines": 0, "num_statements": 4, "percent_covered": 0.0, "percent_covered_display": "0", "missing_lines": 4, "excluded_lines": 0}, "missing_lines": [19, 20, 21, 22], "excluded_lines": []}, "BaseDaemon.daemonize": {"executed_lines": [], "summary": {"covered_lines": 0, "num_statements": 29, "percent_covered": 0.0, "percent_covered_display": "0", "missing_lines": 29, "excluded_lines": 0}, "missing_lines": [30, 31, 32, 34, 35, 36, 37, 40, 41, 42, 45, 46, 47, 49, 50, 51, 52, 55, 56, 57, 59, 61, 62, 64, 65, 67, 68, 69, 70], "excluded_lines": []}, "BaseDaemon.delpid": {"executed_lines": [], "summary": {"covered_lines": 0, "num_statements": 1, "percent_covered": 0.0, "percent_covered_display": "0", "missing_lines": 1, "excluded_lines": 0}, "missing_lines": [73], "excluded_lines": []}, "BaseDaemon.start": {"executed_lines": [], "summary": {"covered_lines": 0, "num_statements": 12, "percent_covered": 0.0, "percent_covered_display": "0", "missing_lines": 12, "excluded_lines": 0}, "missing_lines": [80, 81, 82, 83, 84, 85, 87, 88, 89, 90, 93, 94], "excluded_lines": []}, "BaseDaemon.stop": {"executed_lines": [], "summary": {"covered_lines": 0, "num_statements": 20, "percent_covered": 0.0, "percent_covered_display": "0", "missing_lines": 20, "excluded_lines": 0}, "missing_lines": [101, 102, 103, 104, 105, 106, 108, 109, 110, 111, 114, 116, 117, 118, 119, 120, 121, 122, 124, 125], "excluded_lines": []}, "BaseDaemon.restart": {"executed_lines": [], "summary": {"covered_lines": 0, "num_statements": 2, "percent_covered": 0.0, "percent_covered_display": "0", "missing_lines": 2, "excluded_lines": 0}, "missing_lines": [131, 132], "excluded_lines": []}, "BaseDaemon.run": {"executed_lines": [], "summary": {"covered_lines": 0, "num_statements": 0, "percent_covered": 100.0, "percent_covered_display": "100", "missing_lines": 0, "excluded_lines": 0}, "missing_lines": [], "excluded_lines": []}, "": {"executed_lines": [], "summary": {"covered_lines": 0, "num_statements": 14, "percent_covered": 0.0, "percent_covered_display": "0", "missing_lines": 14, "excluded_lines": 0}, "missing_lines": [2, 3, 4, 5, 6, 9, 16, 18, 24, 72, 75, 96, 127, 134], "excluded_lines": []}}, "classes": {"BaseDaemon": {"executed_lines": [], "summary": {"covered_lines": 0, "num_statements": 68, "percent_covered": 0.0, "percent_covered_display": "0", "missing_lines": 68, "excluded_lines": 0}, "missing_lines": [19, 20, 21, 22, 30, 31, 32, 34, 35, 36, 37, 40, 41, 42, 45, 46, 47, 49, 50, 51, 52, 55, 56, 57, 59, 61, 62, 64, 65, 67, 68, 69, 70, 73, 80, 81, 82, 83, 84, 85, 87, 88, 89, 90, 93, 94, 101, 102, 103, 104, 105, 106, 108, 109, 110, 111, 114, 116, 117, 118, 119, 120, 121, 122, 124, 125, 131, 132], "excluded_lines": []}, "": {"executed_lines": [], "summary": {"covered_lines": 0, "num_statements": 14, "percent_covered": 0.0, "percent_covered_display": "0", "missing_lines": 14, "excluded_lines": 0}, "missing_lines": [2, 3, 4, 5, 6, 9, 16, 18, 24, 72, 75, 96, 127, 134], "excluded_lines": []}}}, "src/base/default_config/__init__.py": {"executed_lines": [], "summary": {"covered_lines": 0, "num_statements": 0, "percent_covered": 100.0, "percent_covered_display": "100", "missing_lines": 0, "excluded_lines": 0}, "missing_lines": [], "excluded_lines": [], "functions": {"": {"executed_lines": [], "summary": {"covered_lines": 0, "num_statements": 0, "percent_covered": 100.0, "percent_covered_display": "100", "missing_lines": 0, "excluded_lines": 0}, "missing_lines": [], "excluded_lines": []}}, "classes": {"": {"executed_lines": [], "summary": {"covered_lines": 0, "num_statements": 0, "percent_covered": 100.0, "percent_covered_display": "100", "missing_lines": 0, "excluded_lines": 0}, "missing_lines": [], "excluded_lines": []}}}, "src/base/default_config/default_config.py": {"executed_lines": [], "summary": {"covered_lines": 0, "num_statements": 38, "percent_covered": 0.0, "percent_covered_display": "0", "missing_lines": 38, "excluded_lines": 0}, "missing_lines": [6, 7, 10, 12, 13, 14, 16, 18, 19, 20, 21, 22, 23, 24, 25, 27, 28, 29, 30, 31, 32, 33, 35, 36, 38, 39, 40, 41, 42, 43, 44, 45, 46, 47, 48, 49, 50, 51], "excluded_lines": [], "functions": {"DefaultConfig.__init__": {"executed_lines": [], "summary": {"covered_lines": 0, "num_statements": 2, "percent_covered": 0.0, "percent_covered_display": "0", "missing_lines": 2, "excluded_lines": 0}, "missing_lines": [13, 14], "excluded_lines": []}, "DefaultConfig.check_sssd_settings": {"executed_lines": [], "summary": {"covered_lines": 0, "num_statements": 31, "percent_covered": 0.0, "percent_covered_display": "0", "missing_lines": 31, "excluded_lines": 0}, "missing_lines": [18, 19, 20, 21, 22, 23, 24, 25, 27, 28, 29, 30, 31, 32, 33, 35, 36, 38, 39, 40, 41, 42, 43, 44, 45, 46, 47, 48, 49, 50, 51], "excluded_lines": []}, "": {"executed_lines": [], "summary": {"covered_lines": 0, "num_statements": 5, "percent_covered": 0.0, "percent_covered_display": "0", "missing_lines": 5, "excluded_lines": 0}, "missing_lines": [6, 7, 10, 12, 16], "excluded_lines": []}}, "classes": {"DefaultConfig": {"executed_lines": [], "summary": {"covered_lines": 0, "num_statements": 33, "percent_covered": 0.0, "percent_covered_display": "0", "missing_lines": 33, "excluded_lines": 0}, "missing_lines": [13, 14, 18, 19, 20, 21, 22, 23, 24, 25, 27, 28, 29, 30, 31, 32, 33, 35, 36, 38, 39, 40, 41, 42, 43, 44, 45, 46, 47, 48, 49, 50, 51], "excluded_lines": []}, "": {"executed_lines": [], "summary": {"covered_lines": 0, "num_statements": 5, "percent_covered": 0.0, "percent_covered_display": "0", "missing_lines": 5, "excluded_lines": 0}, "missing_lines": [6, 7, 10, 12, 16], "excluded_lines": []}}}, "src/base/default_policy/__init__.py": {"executed_lines": [], "summary": {"covered_lines": 0, "num_statements": 0, "percent_covered": 100.0, "percent_covered_display": "100", "missing_lines": 0, "excluded_lines": 0}, "missing_lines": [], "excluded_lines": [], "functions": {"": {"executed_lines": [], "summary": {"covered_lines": 0, "num_statements": 0, "percent_covered": 100.0, "percent_covered_display": "100", "missing_lines": 0, "excluded_lines": 0}, "missing_lines": [], "excluded_lines": []}}, "classes": {"": {"executed_lines": [], "summary": {"covered_lines": 0, "num_statements": 0, "percent_covered": 100.0, "percent_covered_display": "100", "missing_lines": 0, "excluded_lines": 0}, "missing_lines": [], "excluded_lines": []}}}, "src/base/default_policy/default_policy.py": {"executed_lines": [], "summary": {"covered_lines": 0, "num_statements": 112, "percent_covered": 0.0, "percent_covered_display": "0", "missing_lines": 112, "excluded_lines": 0}, "missing_lines": [8, 9, 10, 13, 14, 15, 16, 17, 20, 21, 22, 24, 25, 26, 28, 29, 30, 32, 33, 34, 36, 37, 38, 41, 43, 44, 45, 46, 47, 48, 49, 50, 52, 53, 54, 55, 56, 57, 60, 61, 62, 63, 64, 65, 67, 69, 70, 73, 74, 75, 76, 77, 79, 81, 82, 83, 84, 85, 86, 87, 88, 89, 90, 92, 93, 94, 95, 96, 97, 98, 99, 101, 102, 104, 105, 106, 107, 108, 109, 110, 111, 113, 114, 115, 116, 117, 118, 119, 120, 121, 123, 125, 126, 128, 129, 130, 131, 132, 133, 134, 135, 137, 140, 141, 142, 143, 144, 145, 147, 148, 149, 151], "excluded_lines": [], "functions": {"DefaultPolicy.__init__": {"executed_lines": [], "summary": {"covered_lines": 0, "num_statements": 3, "percent_covered": 0.0, "percent_covered_display": "0", "missing_lines": 3, "excluded_lines": 0}, "missing_lines": [15, 16, 17], "excluded_lines": []}, "DefaultPolicy.default_firefox_policy": {"executed_lines": [], "summary": {"covered_lines": 0, "num_statements": 38, "percent_covered": 0.0, "percent_covered_display": "0", "missing_lines": 38, "excluded_lines": 0}, "missing_lines": [21, 22, 24, 25, 26, 28, 29, 30, 32, 33, 34, 36, 37, 38, 41, 43, 44, 45, 46, 47, 48, 49, 50, 52, 53, 54, 55, 56, 57, 60, 61, 62, 63, 64, 65, 67, 69, 70], "excluded_lines": []}, "DefaultPolicy.disable_update_package_notify": {"executed_lines": [], "summary": {"covered_lines": 0, "num_statements": 25, "percent_covered": 0.0, "percent_covered_display": "0", "missing_lines": 25, "excluded_lines": 0}, "missing_lines": [74, 75, 76, 77, 79, 81, 82, 83, 84, 85, 86, 87, 88, 89, 90, 92, 93, 94, 95, 96, 97, 98, 99, 101, 102], "excluded_lines": []}, "DefaultPolicy.notifyd_xml_parser": {"executed_lines": [], "summary": {"covered_lines": 0, "num_statements": 28, "percent_covered": 0.0, "percent_covered_display": "0", "missing_lines": 28, "excluded_lines": 0}, "missing_lines": [105, 106, 107, 108, 109, 110, 111, 113, 114, 115, 116, 117, 118, 119, 120, 121, 123, 125, 126, 128, 129, 130, 131, 132, 133, 134, 135, 137], "excluded_lines": []}, "DefaultPolicy.create_pulseaudio_autostart": {"executed_lines": [], "summary": {"covered_lines": 0, "num_statements": 9, "percent_covered": 0.0, "percent_covered_display": "0", "missing_lines": 9, "excluded_lines": 0}, "missing_lines": [141, 142, 143, 144, 145, 147, 148, 149, 151], "excluded_lines": []}, "": {"executed_lines": [], "summary": {"covered_lines": 0, "num_statements": 9, "percent_covered": 0.0, "percent_covered_display": "0", "missing_lines": 9, "excluded_lines": 0}, "missing_lines": [8, 9, 10, 13, 14, 20, 73, 104, 140], "excluded_lines": []}}, "classes": {"DefaultPolicy": {"executed_lines": [], "summary": {"covered_lines": 0, "num_statements": 103, "percent_covered": 0.0, "percent_covered_display": "0", "missing_lines": 103, "excluded_lines": 0}, "missing_lines": [15, 16, 17, 21, 22, 24, 25, 26, 28, 29, 30, 32, 33, 34, 36, 37, 38, 41, 43, 44, 45, 46, 47, 48, 49, 50, 52, 53, 54, 55, 56, 57, 60, 61, 62, 63, 64, 65, 67, 69, 70, 74, 75, 76, 77, 79, 81, 82, 83, 84, 85, 86, 87, 88, 89, 90, 92, 93, 94, 95, 96, 97, 98, 99, 101, 102, 105, 106, 107, 108, 109, 110, 111, 113, 114, 115, 116, 117, 118, 119, 120, 121, 123, 125, 126, 128, 129, 130, 131, 132, 133, 134, 135, 137, 141, 142, 143, 144, 145, 147, 148, 149, 151], "excluded_lines": []}, "": {"executed_lines": [], "summary": {"covered_lines": 0, "num_statements": 9, "percent_covered": 0.0, "percent_covered_display": "0", "missing_lines": 9, "excluded_lines": 0}, "missing_lines": [8, 9, 10, 13, 14, 20, 73, 104, 140], "excluded_lines": []}}}, "src/base/execution/__init__.py": {"executed_lines": [], "summary": {"covered_lines": 0, "num_statements": 0, "percent_covered": 100.0, "percent_covered_display": "100", "missing_lines": 0, "excluded_lines": 0}, "missing_lines": [], "excluded_lines": [], "functions": {"": {"executed_lines": [], "summary": {"covered_lines": 0, "num_statements": 0, "percent_covered": 100.0, "percent_covered_display": "100", "missing_lines": 0, "excluded_lines": 0}, "missing_lines": [], "excluded_lines": []}}, "classes": {"": {"executed_lines": [], "summary": {"covered_lines": 0, "num_statements": 0, "percent_covered": 100.0, "percent_covered_display": "100", "missing_lines": 0, "excluded_lines": 0}, "missing_lines": [], "excluded_lines": []}}}, "src/base/execution/execution_manager.py": {"executed_lines": [], "summary": {"covered_lines": 0, "num_statements": 331, "percent_covered": 0.0, "percent_covered_display": "0", "missing_lines": 331, "excluded_lines": 0}, "missing_lines": [4, 5, 6, 7, 8, 9, 10, 11, 12, 13, 14, 15, 16, 17, 18, 19, 20, 22, 25, 29, 30, 32, 33, 34, 35, 36, 37, 38, 39, 40, 41, 43, 44, 45, 46, 47, 48, 49, 50, 52, 54, 55, 56, 58, 59, 60, 62, 63, 65, 67, 68, 70, 71, 73, 74, 77, 78, 79, 80, 81, 82, 84, 85, 86, 87, 88, 89, 90, 91, 93, 94, 95, 97, 98, 99, 100, 101, 102, 103, 105, 106, 107, 108, 109, 111, 112, 116, 118, 120, 121, 122, 123, 125, 126, 134, 140, 141, 142, 145, 146, 147, 149, 150, 157, 162, 163, 164, 167, 168, 169, 170, 172, 173, 174, 176, 177, 178, 179, 180, 183, 184, 185, 186, 188, 190, 191, 192, 193, 195, 197, 198, 200, 201, 202, 203, 204, 206, 208, 209, 212, 214, 215, 216, 219, 221, 222, 223, 224, 225, 226, 227, 231, 232, 235, 238, 239, 240, 241, 244, 245, 249, 251, 257, 258, 262, 265, 266, 268, 274, 276, 281, 283, 286, 289, 294, 299, 300, 301, 304, 305, 307, 313, 315, 320, 322, 326, 331, 333, 334, 336, 337, 339, 340, 341, 342, 343, 344, 346, 348, 350, 352, 354, 356, 359, 363, 364, 365, 366, 367, 368, 369, 371, 373, 374, 375, 376, 377, 383, 387, 388, 389, 390, 391, 393, 395, 396, 397, 399, 400, 402, 403, 405, 406, 407, 408, 411, 412, 413, 416, 417, 418, 422, 425, 426, 427, 428, 431, 432, 434, 435, 438, 439, 440, 445, 450, 451, 452, 453, 455, 456, 458, 460, 461, 462, 464, 465, 466, 467, 468, 469, 470, 471, 472, 474, 476, 477, 478, 479, 480, 481, 483, 484, 485, 486, 490, 492, 493, 496, 498, 500, 501, 503, 504, 505, 509, 511, 512, 513, 514, 516, 517, 518, 519, 520, 521, 527, 532, 533, 534, 535, 541, 546, 557, 558, 559, 560, 561, 564, 565, 566, 567, 568, 569, 570, 572, 573, 574, 575, 577, 578, 579], "excluded_lines": [], "functions": {"ExecutionManager.__init__": {"executed_lines": [], "summary": {"covered_lines": 0, "num_statements": 19, "percent_covered": 0.0, "percent_covered_display": "0", "missing_lines": 19, "excluded_lines": 0}, "missing_lines": [30, 32, 33, 34, 35, 36, 37, 38, 39, 40, 41, 43, 44, 45, 46, 47, 48, 49, 50], "excluded_lines": []}, "ExecutionManager.agreement_update": {"executed_lines": [], "summary": {"covered_lines": 0, "num_statements": 15, "percent_covered": 0.0, "percent_covered_display": "0", "missing_lines": 15, "excluded_lines": 0}, "missing_lines": [54, 55, 56, 58, 59, 60, 62, 63, 65, 67, 68, 70, 71, 73, 74], "excluded_lines": []}, "ExecutionManager.install_plugin": {"executed_lines": [], "summary": {"covered_lines": 0, "num_statements": 30, "percent_covered": 0.0, "percent_covered_display": "0", "missing_lines": 30, "excluded_lines": 0}, "missing_lines": [78, 79, 80, 81, 82, 84, 85, 86, 87, 88, 89, 90, 91, 93, 94, 95, 97, 98, 99, 100, 101, 102, 103, 105, 106, 107, 108, 109, 111, 112], "excluded_lines": []}, "ExecutionManager.plugin_installation_failure": {"executed_lines": [], "summary": {"covered_lines": 0, "num_statements": 20, "percent_covered": 0.0, "percent_covered_display": "0", "missing_lines": 20, "excluded_lines": 0}, "missing_lines": [118, 120, 121, 122, 123, 125, 126, 134, 140, 141, 142, 145, 146, 147, 149, 150, 157, 162, 163, 164], "excluded_lines": []}, "ExecutionManager.is_policy_executed": {"executed_lines": [], "summary": {"covered_lines": 0, "num_statements": 3, "percent_covered": 0.0, "percent_covered_display": "0", "missing_lines": 3, "excluded_lines": 0}, "missing_lines": [168, 169, 170], "excluded_lines": []}, "ExecutionManager.remove_user_executed_policy_dict": {"executed_lines": [], "summary": {"covered_lines": 0, "num_statements": 2, "percent_covered": 0.0, "percent_covered_display": "0", "missing_lines": 2, "excluded_lines": 0}, "missing_lines": [173, 174], "excluded_lines": []}, "ExecutionManager.execute_default_policy": {"executed_lines": [], "summary": {"covered_lines": 0, "num_statements": 4, "percent_covered": 0.0, "percent_covered_display": "0", "missing_lines": 4, "excluded_lines": 0}, "missing_lines": [177, 178, 179, 180], "excluded_lines": []}, "ExecutionManager.update_scheduled_task": {"executed_lines": [], "summary": {"covered_lines": 0, "num_statements": 16, "percent_covered": 0.0, "percent_covered_display": "0", "missing_lines": 16, "excluded_lines": 0}, "missing_lines": [184, 185, 186, 188, 190, 191, 192, 193, 195, 197, 198, 200, 201, 202, 203, 204], "excluded_lines": []}, "ExecutionManager.get_task_bean_by_id": {"executed_lines": [], "summary": {"covered_lines": 0, "num_statements": 3, "percent_covered": 0.0, "percent_covered_display": "0", "missing_lines": 3, "excluded_lines": 0}, "missing_lines": [208, 209, 212], "excluded_lines": []}, "ExecutionManager.get_plugin_bean_by_id": {"executed_lines": [], "summary": {"covered_lines": 0, "num_statements": 3, "percent_covered": 0.0, "percent_covered_display": "0", "missing_lines": 3, "excluded_lines": 0}, "missing_lines": [215, 216, 219], "excluded_lines": []}, "ExecutionManager.execute_policy": {"executed_lines": [], "summary": {"covered_lines": 0, "num_statements": 46, "percent_covered": 0.0, "percent_covered_display": "0", "missing_lines": 46, "excluded_lines": 0}, "missing_lines": [222, 223, 224, 225, 226, 227, 231, 232, 235, 238, 239, 240, 241, 244, 245, 249, 251, 257, 258, 262, 265, 266, 268, 274, 276, 281, 283, 286, 289, 294, 299, 300, 301, 304, 305, 307, 313, 315, 320, 322, 326, 331, 333, 334, 336, 337], "excluded_lines": []}, "ExecutionManager.check_expiration": {"executed_lines": [], "summary": {"covered_lines": 0, "num_statements": 6, "percent_covered": 0.0, "percent_covered_display": "0", "missing_lines": 6, "excluded_lines": 0}, "missing_lines": [340, 341, 342, 343, 344, 346], "excluded_lines": []}, "ExecutionManager.get_active_policies": {"executed_lines": [], "summary": {"covered_lines": 0, "num_statements": 24, "percent_covered": 0.0, "percent_covered_display": "0", "missing_lines": 24, "excluded_lines": 0}, "missing_lines": [350, 352, 354, 356, 359, 363, 364, 365, 366, 367, 368, 369, 371, 373, 374, 375, 376, 377, 383, 387, 388, 389, 390, 391], "excluded_lines": []}, "ExecutionManager.execute_task": {"executed_lines": [], "summary": {"covered_lines": 0, "num_statements": 7, "percent_covered": 0.0, "percent_covered_display": "0", "missing_lines": 7, "excluded_lines": 0}, "missing_lines": [395, 396, 397, 399, 400, 402, 403], "excluded_lines": []}, "ExecutionManager.unregister": {"executed_lines": [], "summary": {"covered_lines": 0, "num_statements": 18, "percent_covered": 0.0, "percent_covered_display": "0", "missing_lines": 18, "excluded_lines": 0}, "missing_lines": [406, 407, 408, 411, 412, 413, 416, 417, 418, 422, 425, 426, 427, 428, 431, 432, 434, 435], "excluded_lines": []}, "ExecutionManager.json_to_task_bean": {"executed_lines": [], "summary": {"covered_lines": 0, "num_statements": 3, "percent_covered": 0.0, "percent_covered_display": "0", "missing_lines": 3, "excluded_lines": 0}, "missing_lines": [439, 440, 445], "excluded_lines": []}, "ExecutionManager.execute_script": {"executed_lines": [], "summary": {"covered_lines": 0, "num_statements": 39, "percent_covered": 0.0, "percent_covered_display": "0", "missing_lines": 39, "excluded_lines": 0}, "missing_lines": [451, 452, 453, 455, 456, 458, 460, 461, 462, 464, 465, 466, 467, 468, 469, 470, 471, 472, 474, 476, 477, 478, 479, 480, 481, 483, 484, 485, 486, 490, 492, 493, 496, 498, 500, 501, 503, 504, 505], "excluded_lines": []}, "ExecutionManager.json_to_PolicyBean": {"executed_lines": [], "summary": {"covered_lines": 0, "num_statements": 17, "percent_covered": 0.0, "percent_covered_display": "0", "missing_lines": 17, "excluded_lines": 0}, "missing_lines": [511, 512, 513, 514, 516, 517, 518, 519, 520, 521, 527, 532, 533, 534, 535, 541, 546], "excluded_lines": []}, "ExecutionManager.login_response": {"executed_lines": [], "summary": {"covered_lines": 0, "num_statements": 4, "percent_covered": 0.0, "percent_covered_display": "0", "missing_lines": 4, "excluded_lines": 0}, "missing_lines": [558, 559, 560, 561], "excluded_lines": []}, "ExecutionManager.create_sudo_polkit": {"executed_lines": [], "summary": {"covered_lines": 0, "num_statements": 10, "percent_covered": 0.0, "percent_covered_display": "0", "missing_lines": 10, "excluded_lines": 0}, "missing_lines": [565, 566, 567, 568, 569, 570, 572, 573, 574, 575], "excluded_lines": []}, "ExecutionManager.set_unregister_credential_params": {"executed_lines": [], "summary": {"covered_lines": 0, "num_statements": 2, "percent_covered": 0.0, "percent_covered_display": "0", "missing_lines": 2, "excluded_lines": 0}, "missing_lines": [578, 579], "excluded_lines": []}, "": {"executed_lines": [], "summary": {"covered_lines": 0, "num_statements": 40, "percent_covered": 0.0, "percent_covered_display": "0", "missing_lines": 40, "excluded_lines": 0}, "missing_lines": [4, 5, 6, 7, 8, 9, 10, 11, 12, 13, 14, 15, 16, 17, 18, 19, 20, 22, 25, 29, 52, 77, 116, 167, 172, 176, 183, 206, 214, 221, 339, 348, 393, 405, 438, 450, 509, 557, 564, 577], "excluded_lines": []}}, "classes": {"ExecutionManager": {"executed_lines": [], "summary": {"covered_lines": 0, "num_statements": 291, "percent_covered": 0.0, "percent_covered_display": "0", "missing_lines": 291, "excluded_lines": 0}, "missing_lines": [30, 32, 33, 34, 35, 36, 37, 38, 39, 40, 41, 43, 44, 45, 46, 47, 48, 49, 50, 54, 55, 56, 58, 59, 60, 62, 63, 65, 67, 68, 70, 71, 73, 74, 78, 79, 80, 81, 82, 84, 85, 86, 87, 88, 89, 90, 91, 93, 94, 95, 97, 98, 99, 100, 101, 102, 103, 105, 106, 107, 108, 109, 111, 112, 118, 120, 121, 122, 123, 125, 126, 134, 140, 141, 142, 145, 146, 147, 149, 150, 157, 162, 163, 164, 168, 169, 170, 173, 174, 177, 178, 179, 180, 184, 185, 186, 188, 190, 191, 192, 193, 195, 197, 198, 200, 201, 202, 203, 204, 208, 209, 212, 215, 216, 219, 222, 223, 224, 225, 226, 227, 231, 232, 235, 238, 239, 240, 241, 244, 245, 249, 251, 257, 258, 262, 265, 266, 268, 274, 276, 281, 283, 286, 289, 294, 299, 300, 301, 304, 305, 307, 313, 315, 320, 322, 326, 331, 333, 334, 336, 337, 340, 341, 342, 343, 344, 346, 350, 352, 354, 356, 359, 363, 364, 365, 366, 367, 368, 369, 371, 373, 374, 375, 376, 377, 383, 387, 388, 389, 390, 391, 395, 396, 397, 399, 400, 402, 403, 406, 407, 408, 411, 412, 413, 416, 417, 418, 422, 425, 426, 427, 428, 431, 432, 434, 435, 439, 440, 445, 451, 452, 453, 455, 456, 458, 460, 461, 462, 464, 465, 466, 467, 468, 469, 470, 471, 472, 474, 476, 477, 478, 479, 480, 481, 483, 484, 485, 486, 490, 492, 493, 496, 498, 500, 501, 503, 504, 505, 511, 512, 513, 514, 516, 517, 518, 519, 520, 521, 527, 532, 533, 534, 535, 541, 546, 558, 559, 560, 561, 565, 566, 567, 568, 569, 570, 572, 573, 574, 575, 578, 579], "excluded_lines": []}, "": {"executed_lines": [], "summary": {"covered_lines": 0, "num_statements": 40, "percent_covered": 0.0, "percent_covered_display": "0", "missing_lines": 40, "excluded_lines": 0}, "missing_lines": [4, 5, 6, 7, 8, 9, 10, 11, 12, 13, 14, 15, 16, 17, 18, 19, 20, 22, 25, 29, 52, 77, 116, 167, 172, 176, 183, 206, 214, 221, 339, 348, 393, 405, 438, 450, 509, 557, 564, 577], "excluded_lines": []}}}, "src/base/logger/__init__.py": {"executed_lines": [], "summary": {"covered_lines": 0, "num_statements": 0, "percent_covered": 100.0, "percent_covered_display": "100", "missing_lines": 0, "excluded_lines": 0}, "missing_lines": [], "excluded_lines": [], "functions": {"": {"executed_lines": [], "summary": {"covered_lines": 0, "num_statements": 0, "percent_covered": 100.0, "percent_covered_display": "100", "missing_lines": 0, "excluded_lines": 0}, "missing_lines": [], "excluded_lines": []}}, "classes": {"": {"executed_lines": [], "summary": {"covered_lines": 0, "num_statements": 0, "percent_covered": 100.0, "percent_covered_display": "100", "missing_lines": 0, "excluded_lines": 0}, "missing_lines": [], "excluded_lines": []}}}, "src/base/logger/ahenk_logger.py": {"executed_lines": [], "summary": {"covered_lines": 0, "num_statements": 42, "percent_covered": 0.0, "percent_covered_display": "0", "missing_lines": 42, "excluded_lines": 0}, "missing_lines": [6, 7, 8, 9, 11, 14, 29, 30, 31, 32, 34, 35, 37, 38, 40, 41, 42, 44, 45, 46, 48, 49, 50, 52, 53, 54, 55, 56, 57, 58, 60, 63, 64, 66, 67, 69, 70, 71, 72, 73, 75, 77], "excluded_lines": [], "functions": {"Logger.__init__": {"executed_lines": [], "summary": {"covered_lines": 0, "num_statements": 5, "percent_covered": 0.0, "percent_covered_display": "0", "missing_lines": 5, "excluded_lines": 0}, "missing_lines": [30, 31, 32, 34, 35], "excluded_lines": []}, "Logger.get_logger": {"executed_lines": [], "summary": {"covered_lines": 0, "num_statements": 1, "percent_covered": 0.0, "percent_covered_display": "0", "missing_lines": 1, "excluded_lines": 0}, "missing_lines": [38], "excluded_lines": []}, "Logger.debug": {"executed_lines": [], "summary": {"covered_lines": 0, "num_statements": 2, "percent_covered": 0.0, "percent_covered_display": "0", "missing_lines": 2, "excluded_lines": 0}, "missing_lines": [41, 42], "excluded_lines": []}, "Logger.info": {"executed_lines": [], "summary": {"covered_lines": 0, "num_statements": 2, "percent_covered": 0.0, "percent_covered_display": "0", "missing_lines": 2, "excluded_lines": 0}, "missing_lines": [45, 46], "excluded_lines": []}, "Logger.warning": {"executed_lines": [], "summary": {"covered_lines": 0, "num_statements": 2, "percent_covered": 0.0, "percent_covered_display": "0", "missing_lines": 2, "excluded_lines": 0}, "missing_lines": [49, 50], "excluded_lines": []}, "Logger.error": {"executed_lines": [], "summary": {"covered_lines": 0, "num_statements": 9, "percent_covered": 0.0, "percent_covered_display": "0", "missing_lines": 9, "excluded_lines": 0}, "missing_lines": [53, 54, 55, 56, 57, 58, 60, 63, 64], "excluded_lines": []}, "Logger.get_log_header": {"executed_lines": [], "summary": {"covered_lines": 0, "num_statements": 7, "percent_covered": 0.0, "percent_covered_display": "0", "missing_lines": 7, "excluded_lines": 0}, "missing_lines": [69, 70, 71, 72, 73, 75, 77], "excluded_lines": []}, "": {"executed_lines": [], "summary": {"covered_lines": 0, "num_statements": 14, "percent_covered": 0.0, "percent_covered_display": "0", "missing_lines": 14, "excluded_lines": 0}, "missing_lines": [6, 7, 8, 9, 11, 14, 29, 37, 40, 44, 48, 52, 66, 67], "excluded_lines": []}}, "classes": {"Logger": {"executed_lines": [], "summary": {"covered_lines": 0, "num_statements": 28, "percent_covered": 0.0, "percent_covered_display": "0", "missing_lines": 28, "excluded_lines": 0}, "missing_lines": [30, 31, 32, 34, 35, 38, 41, 42, 45, 46, 49, 50, 53, 54, 55, 56, 57, 58, 60, 63, 64, 69, 70, 71, 72, 73, 75, 77], "excluded_lines": []}, "": {"executed_lines": [], "summary": {"covered_lines": 0, "num_statements": 14, "percent_covered": 0.0, "percent_covered_display": "0", "missing_lines": 14, "excluded_lines": 0}, "missing_lines": [6, 7, 8, 9, 11, 14, 29, 37, 40, 44, 48, 52, 66, 67], "excluded_lines": []}}}, "src/base/messaging/__init__.py": {"executed_lines": [1], "summary": {"covered_lines": 0, "num_statements": 0, "percent_covered": 100.0, "percent_covered_display": "100", "missing_lines": 0, "excluded_lines": 0}, "missing_lines": [], "excluded_lines": [], "functions": {"": {"executed_lines": [], "summary": {"covered_lines": 0, "num_statements": 0, "percent_covered": 100.0, "percent_covered_display": "100", "missing_lines": 0, "excluded_lines": 0}, "missing_lines": [], "excluded_lines": []}}, "classes": {"": {"executed_lines": [], "summary": {"covered_lines": 0, "num_statements": 0, "percent_covered": 100.0, "percent_covered_display": "100", "missing_lines": 0, "excluded_lines": 0}, "missing_lines": [], "excluded_lines": []}}}, "src/base/messaging/anonymous_messenger.py": {"executed_lines": [], "summary": {"covered_lines": 0, "num_statements": 222, "percent_covered": 0.0, "percent_covered_display": "0", "missing_lines": 222, "excluded_lines": 0}, "missing_lines": [5, 6, 7, 8, 9, 10, 12, 13, 14, 16, 18, 19, 20, 22, 25, 26, 28, 30, 31, 32, 33, 35, 36, 37, 39, 40, 41, 43, 45, 46, 47, 48, 49, 51, 52, 54, 56, 58, 59, 61, 62, 63, 64, 66, 67, 68, 69, 70, 71, 72, 74, 75, 77, 78, 79, 80, 82, 83, 84, 85, 86, 88, 89, 90, 93, 94, 95, 96, 97, 98, 99, 103, 105, 106, 107, 108, 109, 110, 111, 112, 115, 116, 119, 120, 123, 124, 125, 126, 130, 131, 133, 134, 135, 136, 137, 138, 139, 142, 143, 145, 146, 148, 149, 150, 152, 153, 154, 156, 157, 158, 159, 160, 161, 162, 163, 164, 165, 166, 167, 168, 169, 170, 171, 172, 173, 175, 176, 178, 179, 180, 181, 182, 183, 184, 185, 186, 187, 188, 189, 190, 191, 193, 195, 196, 197, 198, 199, 200, 202, 203, 204, 205, 206, 207, 208, 209, 210, 211, 212, 213, 214, 215, 216, 217, 218, 219, 220, 222, 223, 224, 225, 226, 227, 228, 229, 232, 234, 235, 236, 237, 238, 239, 241, 242, 243, 244, 245, 246, 247, 248, 249, 250, 251, 254, 255, 257, 258, 260, 261, 263, 264, 266, 267, 268, 269, 270, 271, 272, 274, 275, 277, 278, 279, 280, 281, 282, 283, 284, 285, 286, 288, 289], "excluded_lines": [], "functions": {"AnonymousMessenger.__init__": {"executed_lines": [], "summary": {"covered_lines": 0, "num_statements": 23, "percent_covered": 0.0, "percent_covered_display": "0", "missing_lines": 23, "excluded_lines": 0}, "missing_lines": [28, 30, 31, 32, 33, 35, 36, 37, 39, 40, 41, 43, 45, 46, 47, 48, 49, 51, 52, 54, 56, 58, 59], "excluded_lines": []}, "AnonymousMessenger.add_listeners": {"executed_lines": [], "summary": {"covered_lines": 0, "num_statements": 3, "percent_covered": 0.0, "percent_covered_display": "0", "missing_lines": 3, "excluded_lines": 0}, "missing_lines": [62, 63, 64], "excluded_lines": []}, "AnonymousMessenger.session_start": {"executed_lines": [], "summary": {"covered_lines": 0, "num_statements": 8, "percent_covered": 0.0, "percent_covered_display": "0", "missing_lines": 8, "excluded_lines": 0}, "missing_lines": [67, 68, 69, 70, 71, 72, 74, 75], "excluded_lines": []}, "AnonymousMessenger.register_extensions": {"executed_lines": [], "summary": {"covered_lines": 0, "num_statements": 8, "percent_covered": 0.0, "percent_covered_display": "0", "missing_lines": 8, "excluded_lines": 0}, "missing_lines": [78, 79, 80, 82, 83, 84, 85, 86], "excluded_lines": []}, "AnonymousMessenger.connect_to_server": {"executed_lines": [], "summary": {"covered_lines": 0, "num_statements": 63, "percent_covered": 0.0, "percent_covered_display": "0", "missing_lines": 63, "excluded_lines": 0}, "missing_lines": [89, 90, 93, 94, 95, 96, 97, 98, 99, 103, 105, 106, 107, 108, 109, 110, 111, 112, 115, 116, 119, 120, 123, 124, 125, 126, 130, 131, 133, 134, 135, 136, 137, 138, 139, 142, 143, 145, 146, 148, 149, 150, 152, 153, 154, 156, 157, 158, 159, 160, 161, 162, 163, 164, 165, 166, 167, 168, 169, 170, 171, 172, 173], "excluded_lines": []}, "AnonymousMessenger.recv_direct_message": {"executed_lines": [], "summary": {"covered_lines": 0, "num_statements": 84, "percent_covered": 0.0, "percent_covered_display": "0", "missing_lines": 84, "excluded_lines": 0}, "missing_lines": [176, 178, 179, 180, 181, 182, 183, 184, 185, 186, 187, 188, 189, 190, 191, 193, 195, 196, 197, 198, 199, 200, 202, 203, 204, 205, 206, 207, 208, 209, 210, 211, 212, 213, 214, 215, 216, 217, 218, 219, 220, 222, 223, 224, 225, 226, 227, 228, 229, 232, 234, 235, 236, 237, 238, 239, 241, 242, 243, 244, 245, 246, 247, 248, 249, 250, 251, 254, 255, 257, 258, 260, 261, 263, 264, 266, 267, 268, 269, 270, 271, 272, 274, 275], "excluded_lines": []}, "AnonymousMessenger.send_direct_message": {"executed_lines": [], "summary": {"covered_lines": 0, "num_statements": 11, "percent_covered": 0.0, "percent_covered_display": "0", "missing_lines": 11, "excluded_lines": 0}, "missing_lines": [278, 279, 280, 281, 282, 283, 284, 285, 286, 288, 289], "excluded_lines": []}, "": {"executed_lines": [], "summary": {"covered_lines": 0, "num_statements": 22, "percent_covered": 0.0, "percent_covered_display": "0", "missing_lines": 22, "excluded_lines": 0}, "missing_lines": [5, 6, 7, 8, 9, 10, 12, 13, 14, 16, 18, 19, 20, 22, 25, 26, 61, 66, 77, 88, 175, 277], "excluded_lines": []}}, "classes": {"AnonymousMessenger": {"executed_lines": [], "summary": {"covered_lines": 0, "num_statements": 200, "percent_covered": 0.0, "percent_covered_display": "0", "missing_lines": 200, "excluded_lines": 0}, "missing_lines": [28, 30, 31, 32, 33, 35, 36, 37, 39, 40, 41, 43, 45, 46, 47, 48, 49, 51, 52, 54, 56, 58, 59, 62, 63, 64, 67, 68, 69, 70, 71, 72, 74, 75, 78, 79, 80, 82, 83, 84, 85, 86, 89, 90, 93, 94, 95, 96, 97, 98, 99, 103, 105, 106, 107, 108, 109, 110, 111, 112, 115, 116, 119, 120, 123, 124, 125, 126, 130, 131, 133, 134, 135, 136, 137, 138, 139, 142, 143, 145, 146, 148, 149, 150, 152, 153, 154, 156, 157, 158, 159, 160, 161, 162, 163, 164, 165, 166, 167, 168, 169, 170, 171, 172, 173, 176, 178, 179, 180, 181, 182, 183, 184, 185, 186, 187, 188, 189, 190, 191, 193, 195, 196, 197, 198, 199, 200, 202, 203, 204, 205, 206, 207, 208, 209, 210, 211, 212, 213, 214, 215, 216, 217, 218, 219, 220, 222, 223, 224, 225, 226, 227, 228, 229, 232, 234, 235, 236, 237, 238, 239, 241, 242, 243, 244, 245, 246, 247, 248, 249, 250, 251, 254, 255, 257, 258, 260, 261, 263, 264, 266, 267, 268, 269, 270, 271, 272, 274, 275, 278, 279, 280, 281, 282, 283, 284, 285, 286, 288, 289], "excluded_lines": []}, "": {"executed_lines": [], "summary": {"covered_lines": 0, "num_statements": 22, "percent_covered": 0.0, "percent_covered_display": "0", "missing_lines": 22, "excluded_lines": 0}, "missing_lines": [5, 6, 7, 8, 9, 10, 12, 13, 14, 16, 18, 19, 20, 22, 25, 26, 61, 66, 77, 88, 175, 277], "excluded_lines": []}}}, "src/base/messaging/message_response_queue.py": {"executed_lines": [], "summary": {"covered_lines": 0, "num_statements": 16, "percent_covered": 0.0, "percent_covered_display": "0", "missing_lines": 16, "excluded_lines": 0}, "missing_lines": [5, 7, 10, 15, 16, 17, 18, 19, 20, 22, 24, 27, 28, 30, 32, 33], "excluded_lines": [], "functions": {"MessageResponseQueue.__init__": {"executed_lines": [], "summary": {"covered_lines": 0, "num_statements": 5, "percent_covered": 0.0, "percent_covered_display": "0", "missing_lines": 5, "excluded_lines": 0}, "missing_lines": [16, 17, 18, 19, 20], "excluded_lines": []}, "MessageResponseQueue.run": {"executed_lines": [], "summary": {"covered_lines": 0, "num_statements": 6, "percent_covered": 0.0, "percent_covered_display": "0", "missing_lines": 6, "excluded_lines": 0}, "missing_lines": [24, 27, 28, 30, 32, 33], "excluded_lines": []}, "": {"executed_lines": [], "summary": {"covered_lines": 0, "num_statements": 5, "percent_covered": 0.0, "percent_covered_display": "0", "missing_lines": 5, "excluded_lines": 0}, "missing_lines": [5, 7, 10, 15, 22], "excluded_lines": []}}, "classes": {"MessageResponseQueue": {"executed_lines": [], "summary": {"covered_lines": 0, "num_statements": 11, "percent_covered": 0.0, "percent_covered_display": "0", "missing_lines": 11, "excluded_lines": 0}, "missing_lines": [16, 17, 18, 19, 20, 24, 27, 28, 30, 32, 33], "excluded_lines": []}, "": {"executed_lines": [], "summary": {"covered_lines": 0, "num_statements": 5, "percent_covered": 0.0, "percent_covered_display": "0", "missing_lines": 5, "excluded_lines": 0}, "missing_lines": [5, 7, 10, 15, 22], "excluded_lines": []}}}, "src/base/messaging/messaging.py": {"executed_lines": [], "summary": {"covered_lines": 0, "num_statements": 191, "percent_covered": 0.0, "percent_covered_display": "0", "missing_lines": 191, "excluded_lines": 0}, "missing_lines": [4, 5, 7, 8, 9, 10, 14, 15, 16, 17, 18, 19, 20, 22, 23, 24, 25, 26, 28, 29, 30, 32, 33, 34, 35, 36, 37, 38, 39, 40, 41, 42, 43, 45, 46, 47, 49, 50, 51, 52, 53, 54, 55, 57, 58, 59, 61, 62, 63, 65, 66, 67, 69, 70, 71, 72, 73, 74, 75, 76, 77, 78, 79, 80, 81, 82, 83, 85, 88, 89, 90, 91, 92, 94, 95, 97, 98, 100, 101, 102, 104, 105, 106, 107, 108, 109, 110, 111, 112, 114, 115, 116, 118, 120, 122, 125, 126, 127, 128, 129, 131, 132, 134, 135, 136, 137, 138, 140, 141, 142, 143, 144, 146, 147, 148, 149, 150, 151, 153, 154, 156, 157, 159, 160, 162, 163, 164, 166, 167, 168, 169, 170, 171, 172, 173, 176, 178, 179, 180, 181, 182, 183, 184, 185, 186, 187, 188, 189, 191, 192, 193, 194, 195, 197, 199, 200, 203, 204, 207, 208, 209, 210, 211, 212, 214, 216, 217, 223, 224, 225, 226, 228, 229, 230, 240, 241, 242, 243, 245, 246, 247, 248, 249, 250, 251, 253, 254, 256, 258, 259, 260], "excluded_lines": [], "functions": {"Messaging.__init__": {"executed_lines": [], "summary": {"covered_lines": 0, "num_statements": 5, "percent_covered": 0.0, "percent_covered_display": "0", "missing_lines": 5, "excluded_lines": 0}, "missing_lines": [16, 17, 18, 19, 20], "excluded_lines": []}, "Messaging.missing_plugin_message": {"executed_lines": [], "summary": {"covered_lines": 0, "num_statements": 7, "percent_covered": 0.0, "percent_covered_display": "0", "missing_lines": 7, "excluded_lines": 0}, "missing_lines": [23, 24, 25, 26, 28, 29, 30], "excluded_lines": []}, "Messaging.task_status_msg": {"executed_lines": [], "summary": {"covered_lines": 0, "num_statements": 14, "percent_covered": 0.0, "percent_covered_display": "0", "missing_lines": 14, "excluded_lines": 0}, "missing_lines": [33, 34, 35, 36, 37, 38, 39, 40, 41, 42, 43, 45, 46, 47], "excluded_lines": []}, "Messaging.policy_status_msg": {"executed_lines": [], "summary": {"covered_lines": 0, "num_statements": 15, "percent_covered": 0.0, "percent_covered_display": "0", "missing_lines": 15, "excluded_lines": 0}, "missing_lines": [50, 51, 52, 53, 54, 55, 57, 58, 59, 61, 62, 63, 65, 66, 67], "excluded_lines": []}, "Messaging.login_msg": {"executed_lines": [], "summary": {"covered_lines": 0, "num_statements": 27, "percent_covered": 0.0, "percent_covered_display": "0", "missing_lines": 27, "excluded_lines": 0}, "missing_lines": [70, 71, 72, 73, 74, 75, 76, 77, 78, 79, 80, 81, 82, 83, 85, 88, 89, 90, 91, 92, 94, 95, 97, 98, 100, 101, 102], "excluded_lines": []}, "Messaging.logout_msg": {"executed_lines": [], "summary": {"covered_lines": 0, "num_statements": 8, "percent_covered": 0.0, "percent_covered_display": "0", "missing_lines": 8, "excluded_lines": 0}, "missing_lines": [105, 106, 107, 108, 109, 110, 111, 112], "excluded_lines": []}, "Messaging.policy_request_msg": {"executed_lines": [], "summary": {"covered_lines": 0, "num_statements": 17, "percent_covered": 0.0, "percent_covered_display": "0", "missing_lines": 17, "excluded_lines": 0}, "missing_lines": [115, 116, 118, 120, 122, 125, 126, 127, 128, 129, 131, 132, 134, 135, 136, 137, 138], "excluded_lines": []}, "Messaging.registration_msg": {"executed_lines": [], "summary": {"covered_lines": 0, "num_statements": 28, "percent_covered": 0.0, "percent_covered_display": "0", "missing_lines": 28, "excluded_lines": 0}, "missing_lines": [141, 142, 143, 144, 146, 147, 148, 149, 150, 151, 153, 154, 156, 157, 159, 160, 162, 163, 164, 166, 167, 168, 169, 170, 171, 172, 173, 176], "excluded_lines": []}, "Messaging.ldap_registration_msg": {"executed_lines": [], "summary": {"covered_lines": 0, "num_statements": 11, "percent_covered": 0.0, "percent_covered_display": "0", "missing_lines": 11, "excluded_lines": 0}, "missing_lines": [179, 180, 181, 182, 183, 184, 185, 186, 187, 188, 189], "excluded_lines": []}, "Messaging.unregister_msg": {"executed_lines": [], "summary": {"covered_lines": 0, "num_statements": 22, "percent_covered": 0.0, "percent_covered_display": "0", "missing_lines": 22, "excluded_lines": 0}, "missing_lines": [192, 193, 194, 195, 197, 199, 200, 203, 204, 207, 208, 209, 210, 211, 212, 214, 216, 217, 223, 224, 225, 226], "excluded_lines": []}, "Messaging.agreement_request_msg": {"executed_lines": [], "summary": {"covered_lines": 0, "num_statements": 6, "percent_covered": 0.0, "percent_covered_display": "0", "missing_lines": 6, "excluded_lines": 0}, "missing_lines": [229, 230, 240, 241, 242, 243], "excluded_lines": []}, "Messaging.agreement_answer_msg": {"executed_lines": [], "summary": {"covered_lines": 0, "num_statements": 12, "percent_covered": 0.0, "percent_covered_display": "0", "missing_lines": 12, "excluded_lines": 0}, "missing_lines": [246, 247, 248, 249, 250, 251, 253, 254, 256, 258, 259, 260], "excluded_lines": []}, "": {"executed_lines": [], "summary": {"covered_lines": 0, "num_statements": 19, "percent_covered": 0.0, "percent_covered_display": "0", "missing_lines": 19, "excluded_lines": 0}, "missing_lines": [4, 5, 7, 8, 9, 10, 14, 15, 22, 32, 49, 69, 104, 114, 140, 178, 191, 228, 245], "excluded_lines": []}}, "classes": {"Messaging": {"executed_lines": [], "summary": {"covered_lines": 0, "num_statements": 172, "percent_covered": 0.0, "percent_covered_display": "0", "missing_lines": 172, "excluded_lines": 0}, "missing_lines": [16, 17, 18, 19, 20, 23, 24, 25, 26, 28, 29, 30, 33, 34, 35, 36, 37, 38, 39, 40, 41, 42, 43, 45, 46, 47, 50, 51, 52, 53, 54, 55, 57, 58, 59, 61, 62, 63, 65, 66, 67, 70, 71, 72, 73, 74, 75, 76, 77, 78, 79, 80, 81, 82, 83, 85, 88, 89, 90, 91, 92, 94, 95, 97, 98, 100, 101, 102, 105, 106, 107, 108, 109, 110, 111, 112, 115, 116, 118, 120, 122, 125, 126, 127, 128, 129, 131, 132, 134, 135, 136, 137, 138, 141, 142, 143, 144, 146, 147, 148, 149, 150, 151, 153, 154, 156, 157, 159, 160, 162, 163, 164, 166, 167, 168, 169, 170, 171, 172, 173, 176, 179, 180, 181, 182, 183, 184, 185, 186, 187, 188, 189, 192, 193, 194, 195, 197, 199, 200, 203, 204, 207, 208, 209, 210, 211, 212, 214, 216, 217, 223, 224, 225, 226, 229, 230, 240, 241, 242, 243, 246, 247, 248, 249, 250, 251, 253, 254, 256, 258, 259, 260], "excluded_lines": []}, "": {"executed_lines": [], "summary": {"covered_lines": 0, "num_statements": 19, "percent_covered": 0.0, "percent_covered_display": "0", "missing_lines": 19, "excluded_lines": 0}, "missing_lines": [4, 5, 7, 8, 9, 10, 14, 15, 22, 32, 49, 69, 104, 114, 140, 178, 191, 228, 245], "excluded_lines": []}}}, "src/base/messaging/messenger.py": {"executed_lines": [5, 6, 7, 8, 9, 10, 12, 14, 16, 19, 20, 21, 23, 24, 25, 26, 28, 31, 33, 35, 36, 38, 39, 41, 42, 44, 46, 50, 51, 53, 54, 56, 57, 58, 61, 62, 63, 65, 66, 67, 68, 70, 71, 72, 73, 74, 76, 77, 78, 79, 81, 83, 85, 86, 87, 88, 89, 91, 93, 94, 96, 97, 98, 99, 100, 101, 102, 105, 106, 109, 110, 111, 114, 117, 120, 145, 148, 149, 150, 151, 152, 154, 155, 156, 157, 158, 160, 161, 162, 163, 164, 166, 167, 168, 170, 171, 172, 173, 174, 175, 176, 178, 180, 181, 182, 183, 184, 185, 186, 187, 188, 189, 191, 194, 195, 196, 198, 199, 202, 203, 204, 205, 206, 207, 210, 212, 213, 214, 215, 217, 218, 220, 221, 222, 223, 224, 225, 227, 228, 230, 231, 232, 234, 235, 236, 237, 238, 239, 240, 241, 242, 243, 245, 246, 247, 248, 249, 250, 252, 253, 254, 255, 257, 258, 259, 260, 261], "summary": {"covered_lines": 167, "num_statements": 187, "percent_covered": 89.3048128342246, "percent_covered_display": "89", "missing_lines": 20, "excluded_lines": 0}, "missing_lines": [121, 122, 123, 126, 127, 128, 129, 130, 131, 132, 133, 134, 135, 136, 137, 138, 139, 140, 141, 142], "excluded_lines": [], "functions": {"Messenger.__init__": {"executed_lines": [21, 23, 24, 25, 26, 28, 31, 33, 35, 36, 38, 39, 41, 42, 44, 46, 50, 51, 53, 54, 56, 57, 58, 61, 62, 63], "summary": {"covered_lines": 26, "num_statements": 26, "percent_covered": 100.0, "percent_covered_display": "100", "missing_lines": 0, "excluded_lines": 0}, "missing_lines": [], "excluded_lines": []}, "Messenger.register_extensions": {"executed_lines": [66, 67, 68, 70, 71, 72, 73, 74], "summary": {"covered_lines": 8, "num_statements": 8, "percent_covered": 100.0, "percent_covered_display": "100", "missing_lines": 0, "excluded_lines": 0}, "missing_lines": [], "excluded_lines": []}, "Messenger.add_listeners": {"executed_lines": [77, 78, 79, 81], "summary": {"covered_lines": 4, "num_statements": 4, "percent_covered": 100.0, "percent_covered_display": "100", "missing_lines": 0, "excluded_lines": 0}, "missing_lines": [], "excluded_lines": []}, "Messenger._run_event_loop": {"executed_lines": [85, 86, 87, 88, 89, 91], "summary": {"covered_lines": 6, "num_statements": 6, "percent_covered": 100.0, "percent_covered_display": "100", "missing_lines": 0, "excluded_lines": 0}, "missing_lines": [], "excluded_lines": []}, "Messenger.connect_to_server": {"executed_lines": [94, 96, 97, 98, 99, 100, 101, 102, 105, 106, 109, 110, 111, 114, 117, 120, 145, 148, 149, 150, 151, 152, 154, 155, 156, 157, 158, 160, 161, 162, 163, 164], "summary": {"covered_lines": 32, "num_statements": 32, "percent_covered": 100.0, "percent_covered_display": "100", "missing_lines": 0, "excluded_lines": 0}, "missing_lines": [], "excluded_lines": []}, "Messenger.connect_to_server.connect_async": {"executed_lines": [], "summary": {"covered_lines": 0, "num_statements": 20, "percent_covered": 0.0, "percent_covered_display": "0", "missing_lines": 20, "excluded_lines": 0}, "missing_lines": [121, 122, 123, 126, 127, 128, 129, 130, 131, 132, 133, 134, 135, 136, 137, 138, 139, 140, 141, 142], "excluded_lines": []}, "Messenger.session_end": {"executed_lines": [167, 168], "summary": {"covered_lines": 2, "num_statements": 2, "percent_covered": 100.0, "percent_covered_display": "100", "missing_lines": 0, "excluded_lines": 0}, "missing_lines": [], "excluded_lines": []}, "Messenger.session_start": {"executed_lines": [171, 172, 173, 174, 175, 176], "summary": {"covered_lines": 6, "num_statements": 6, "percent_covered": 100.0, "percent_covered_display": "100", "missing_lines": 0, "excluded_lines": 0}, "missing_lines": [], "excluded_lines": []}, "Messenger.send_direct_message": {"executed_lines": [180, 181, 182, 183, 184, 185, 186, 187, 188, 189, 191, 194, 195, 196, 198, 199, 202, 210, 212, 213, 214, 215, 217, 218], "summary": {"covered_lines": 24, "num_statements": 24, "percent_covered": 100.0, "percent_covered_display": "100", "missing_lines": 0, "excluded_lines": 0}, "missing_lines": [], "excluded_lines": []}, "Messenger.send_direct_message.send_in_loop": {"executed_lines": [203, 204, 205, 206, 207], "summary": {"covered_lines": 5, "num_statements": 5, "percent_covered": 100.0, "percent_covered_display": "100", "missing_lines": 0, "excluded_lines": 0}, "missing_lines": [], "excluded_lines": []}, "Messenger.recv_direct_message": {"executed_lines": [221, 222, 223, 224, 225, 227, 228, 230, 231, 232, 234, 235, 236, 237, 238, 239, 240, 241, 242, 243, 245, 246, 247, 248, 249, 250, 252, 253, 254, 255, 257, 258, 259, 260, 261], "summary": {"covered_lines": 35, "num_statements": 35, "percent_covered": 100.0, "percent_covered_display": "100", "missing_lines": 0, "excluded_lines": 0}, "missing_lines": [], "excluded_lines": []}, "": {"executed_lines": [5, 6, 7, 8, 9, 10, 12, 14, 16, 19, 20, 65, 76, 83, 93, 166, 170, 178, 220], "summary": {"covered_lines": 19, "num_statements": 19, "percent_covered": 100.0, "percent_covered_display": "100", "missing_lines": 0, "excluded_lines": 0}, "missing_lines": [], "excluded_lines": []}}, "classes": {"Messenger": {"executed_lines": [21, 23, 24, 25, 26, 28, 31, 33, 35, 36, 38, 39, 41, 42, 44, 46, 50, 51, 53, 54, 56, 57, 58, 61, 62, 63, 66, 67, 68, 70, 71, 72, 73, 74, 77, 78, 79, 81, 85, 86, 87, 88, 89, 91, 94, 96, 97, 98, 99, 100, 101, 102, 105, 106, 109, 110, 111, 114, 117, 120, 145, 148, 149, 150, 151, 152, 154, 155, 156, 157, 158, 160, 161, 162, 163, 164, 167, 168, 171, 172, 173, 174, 175, 176, 180, 181, 182, 183, 184, 185, 186, 187, 188, 189, 191, 194, 195, 196, 198, 199, 202, 203, 204, 205, 206, 207, 210, 212, 213, 214, 215, 217, 218, 221, 222, 223, 224, 225, 227, 228, 230, 231, 232, 234, 235, 236, 237, 238, 239, 240, 241, 242, 243, 245, 246, 247, 248, 249, 250, 252, 253, 254, 255, 257, 258, 259, 260, 261], "summary": {"covered_lines": 148, "num_statements": 168, "percent_covered": 88.0952380952381, "percent_covered_display": "88", "missing_lines": 20, "excluded_lines": 0}, "missing_lines": [121, 122, 123, 126, 127, 128, 129, 130, 131, 132, 133, 134, 135, 136, 137, 138, 139, 140, 141, 142], "excluded_lines": []}, "": {"executed_lines": [5, 6, 7, 8, 9, 10, 12, 14, 16, 19, 20, 65, 76, 83, 93, 166, 170, 178, 220], "summary": {"covered_lines": 19, "num_statements": 19, "percent_covered": 100.0, "percent_covered_display": "100", "missing_lines": 0, "excluded_lines": 0}, "missing_lines": [], "excluded_lines": []}}}, "src/base/model/__init__.py": {"executed_lines": [1], "summary": {"covered_lines": 0, "num_statements": 0, "percent_covered": 100.0, "percent_covered_display": "100", "missing_lines": 0, "excluded_lines": 0}, "missing_lines": [], "excluded_lines": [], "functions": {"": {"executed_lines": [], "summary": {"covered_lines": 0, "num_statements": 0, "percent_covered": 100.0, "percent_covered_display": "100", "missing_lines": 0, "excluded_lines": 0}, "missing_lines": [], "excluded_lines": []}}, "classes": {"": {"executed_lines": [], "summary": {"covered_lines": 0, "num_statements": 0, "percent_covered": 100.0, "percent_covered_display": "100", "missing_lines": 0, "excluded_lines": 0}, "missing_lines": [], "excluded_lines": []}}}, "src/base/model/enum/__init__.py": {"executed_lines": [1], "summary": {"covered_lines": 0, "num_statements": 0, "percent_covered": 100.0, "percent_covered_display": "100", "missing_lines": 0, "excluded_lines": 0}, "missing_lines": [], "excluded_lines": [], "functions": {"": {"executed_lines": [], "summary": {"covered_lines": 0, "num_statements": 0, "percent_covered": 100.0, "percent_covered_display": "100", "missing_lines": 0, "excluded_lines": 0}, "missing_lines": [], "excluded_lines": []}}, "classes": {"": {"executed_lines": [], "summary": {"covered_lines": 0, "num_statements": 0, "percent_covered": 100.0, "percent_covered_display": "100", "missing_lines": 0, "excluded_lines": 0}, "missing_lines": [], "excluded_lines": []}}}, "src/base/model/enum/content_type.py": {"executed_lines": [4, 7, 8, 9, 10, 11, 12, 13, 14, 15], "summary": {"covered_lines": 10, "num_statements": 10, "percent_covered": 100.0, "percent_covered_display": "100", "missing_lines": 0, "excluded_lines": 0}, "missing_lines": [], "excluded_lines": [], "functions": {"": {"executed_lines": [4, 7, 8, 9, 10, 11, 12, 13, 14, 15], "summary": {"covered_lines": 10, "num_statements": 10, "percent_covered": 100.0, "percent_covered_display": "100", "missing_lines": 0, "excluded_lines": 0}, "missing_lines": [], "excluded_lines": []}}, "classes": {"ContentType": {"executed_lines": [], "summary": {"covered_lines": 0, "num_statements": 0, "percent_covered": 100.0, "percent_covered_display": "100", "missing_lines": 0, "excluded_lines": 0}, "missing_lines": [], "excluded_lines": []}, "": {"executed_lines": [4, 7, 8, 9, 10, 11, 12, 13, 14, 15], "summary": {"covered_lines": 10, "num_statements": 10, "percent_covered": 100.0, "percent_covered_display": "100", "missing_lines": 0, "excluded_lines": 0}, "missing_lines": [], "excluded_lines": []}}}, "src/base/model/enum/message_code.py": {"executed_lines": [4, 7, 8, 9, 10, 11, 12, 13, 14, 15, 16, 17, 18, 19, 20], "summary": {"covered_lines": 15, "num_statements": 15, "percent_covered": 100.0, "percent_covered_display": "100", "missing_lines": 0, "excluded_lines": 0}, "missing_lines": [], "excluded_lines": [], "functions": {"": {"executed_lines": [4, 7, 8, 9, 10, 11, 12, 13, 14, 15, 16, 17, 18, 19, 20], "summary": {"covered_lines": 15, "num_statements": 15, "percent_covered": 100.0, "percent_covered_display": "100", "missing_lines": 0, "excluded_lines": 0}, "missing_lines": [], "excluded_lines": []}}, "classes": {"MessageCode": {"executed_lines": [], "summary": {"covered_lines": 0, "num_statements": 0, "percent_covered": 100.0, "percent_covered_display": "100", "missing_lines": 0, "excluded_lines": 0}, "missing_lines": [], "excluded_lines": []}, "": {"executed_lines": [4, 7, 8, 9, 10, 11, 12, 13, 14, 15, 16, 17, 18, 19, 20], "summary": {"covered_lines": 15, "num_statements": 15, "percent_covered": 100.0, "percent_covered_display": "100", "missing_lines": 0, "excluded_lines": 0}, "missing_lines": [], "excluded_lines": []}}}, "src/base/model/enum/message_type.py": {"executed_lines": [], "summary": {"covered_lines": 0, "num_statements": 22, "percent_covered": 0.0, "percent_covered_display": "0", "missing_lines": 22, "excluded_lines": 0}, "missing_lines": [4, 7, 8, 9, 10, 11, 12, 13, 14, 15, 16, 17, 18, 19, 20, 21, 22, 23, 24, 25, 26, 27], "excluded_lines": [], "functions": {"": {"executed_lines": [], "summary": {"covered_lines": 0, "num_statements": 22, "percent_covered": 0.0, "percent_covered_display": "0", "missing_lines": 22, "excluded_lines": 0}, "missing_lines": [4, 7, 8, 9, 10, 11, 12, 13, 14, 15, 16, 17, 18, 19, 20, 21, 22, 23, 24, 25, 26, 27], "excluded_lines": []}}, "classes": {"MessageType": {"executed_lines": [], "summary": {"covered_lines": 0, "num_statements": 0, "percent_covered": 100.0, "percent_covered_display": "100", "missing_lines": 0, "excluded_lines": 0}, "missing_lines": [], "excluded_lines": []}, "": {"executed_lines": [], "summary": {"covered_lines": 0, "num_statements": 22, "percent_covered": 0.0, "percent_covered_display": "0", "missing_lines": 22, "excluded_lines": 0}, "missing_lines": [4, 7, 8, 9, 10, 11, 12, 13, 14, 15, 16, 17, 18, 19, 20, 21, 22, 23, 24, 25, 26, 27], "excluded_lines": []}}}, "src/base/model/message_factory.py": {"executed_lines": [], "summary": {"covered_lines": 0, "num_statements": 9, "percent_covered": 0.0, "percent_covered_display": "0", "missing_lines": 9, "excluded_lines": 0}, "missing_lines": [4, 7, 8, 10, 11, 12, 13, 15, 17], "excluded_lines": [], "functions": {"MessageFactory.createMessage": {"executed_lines": [], "summary": {"covered_lines": 0, "num_statements": 5, "percent_covered": 0.0, "percent_covered_display": "0", "missing_lines": 5, "excluded_lines": 0}, "missing_lines": [10, 11, 12, 13, 15], "excluded_lines": []}, "": {"executed_lines": [], "summary": {"covered_lines": 0, "num_statements": 4, "percent_covered": 0.0, "percent_covered_display": "0", "missing_lines": 4, "excluded_lines": 0}, "missing_lines": [4, 7, 8, 17], "excluded_lines": []}}, "classes": {"MessageFactory": {"executed_lines": [], "summary": {"covered_lines": 0, "num_statements": 5, "percent_covered": 0.0, "percent_covered_display": "0", "missing_lines": 5, "excluded_lines": 0}, "missing_lines": [10, 11, 12, 13, 15], "excluded_lines": []}, "": {"executed_lines": [], "summary": {"covered_lines": 0, "num_statements": 4, "percent_covered": 0.0, "percent_covered_display": "0", "missing_lines": 4, "excluded_lines": 0}, "missing_lines": [4, 7, 8, 17], "excluded_lines": []}}}, "src/base/model/modes/__init__.py": {"executed_lines": [], "summary": {"covered_lines": 0, "num_statements": 0, "percent_covered": 100.0, "percent_covered_display": "100", "missing_lines": 0, "excluded_lines": 0}, "missing_lines": [], "excluded_lines": [], "functions": {"": {"executed_lines": [], "summary": {"covered_lines": 0, "num_statements": 0, "percent_covered": 100.0, "percent_covered_display": "100", "missing_lines": 0, "excluded_lines": 0}, "missing_lines": [], "excluded_lines": []}}, "classes": {"": {"executed_lines": [], "summary": {"covered_lines": 0, "num_statements": 0, "percent_covered": 100.0, "percent_covered_display": "100", "missing_lines": 0, "excluded_lines": 0}, "missing_lines": [], "excluded_lines": []}}}, "src/base/model/modes/init_mode.py": {"executed_lines": [], "summary": {"covered_lines": 0, "num_statements": 6, "percent_covered": 0.0, "percent_covered_display": "0", "missing_lines": 6, "excluded_lines": 0}, "missing_lines": [6, 7, 8, 10, 11, 12], "excluded_lines": [], "functions": {"InitMode.__init__": {"executed_lines": [], "summary": {"covered_lines": 0, "num_statements": 1, "percent_covered": 0.0, "percent_covered_display": "0", "missing_lines": 1, "excluded_lines": 0}, "missing_lines": [8], "excluded_lines": []}, "InitMode.obj_name": {"executed_lines": [], "summary": {"covered_lines": 0, "num_statements": 1, "percent_covered": 0.0, "percent_covered_display": "0", "missing_lines": 1, "excluded_lines": 0}, "missing_lines": [12], "excluded_lines": []}, "": {"executed_lines": [], "summary": {"covered_lines": 0, "num_statements": 4, "percent_covered": 0.0, "percent_covered_display": "0", "missing_lines": 4, "excluded_lines": 0}, "missing_lines": [6, 7, 10, 11], "excluded_lines": []}}, "classes": {"InitMode": {"executed_lines": [], "summary": {"covered_lines": 0, "num_statements": 2, "percent_covered": 0.0, "percent_covered_display": "0", "missing_lines": 2, "excluded_lines": 0}, "missing_lines": [8, 12], "excluded_lines": []}, "": {"executed_lines": [], "summary": {"covered_lines": 0, "num_statements": 4, "percent_covered": 0.0, "percent_covered_display": "0", "missing_lines": 4, "excluded_lines": 0}, "missing_lines": [6, 7, 10, 11], "excluded_lines": []}}}, "src/base/model/modes/login_mode.py": {"executed_lines": [], "summary": {"covered_lines": 0, "num_statements": 6, "percent_covered": 0.0, "percent_covered_display": "0", "missing_lines": 6, "excluded_lines": 0}, "missing_lines": [6, 7, 8, 10, 11, 12], "excluded_lines": [], "functions": {"LoginMode.__init__": {"executed_lines": [], "summary": {"covered_lines": 0, "num_statements": 1, "percent_covered": 0.0, "percent_covered_display": "0", "missing_lines": 1, "excluded_lines": 0}, "missing_lines": [8], "excluded_lines": []}, "LoginMode.obj_name": {"executed_lines": [], "summary": {"covered_lines": 0, "num_statements": 1, "percent_covered": 0.0, "percent_covered_display": "0", "missing_lines": 1, "excluded_lines": 0}, "missing_lines": [12], "excluded_lines": []}, "": {"executed_lines": [], "summary": {"covered_lines": 0, "num_statements": 4, "percent_covered": 0.0, "percent_covered_display": "0", "missing_lines": 4, "excluded_lines": 0}, "missing_lines": [6, 7, 10, 11], "excluded_lines": []}}, "classes": {"LoginMode": {"executed_lines": [], "summary": {"covered_lines": 0, "num_statements": 2, "percent_covered": 0.0, "percent_covered_display": "0", "missing_lines": 2, "excluded_lines": 0}, "missing_lines": [8, 12], "excluded_lines": []}, "": {"executed_lines": [], "summary": {"covered_lines": 0, "num_statements": 4, "percent_covered": 0.0, "percent_covered_display": "0", "missing_lines": 4, "excluded_lines": 0}, "missing_lines": [6, 7, 10, 11], "excluded_lines": []}}}, "src/base/model/modes/logout_mode.py": {"executed_lines": [], "summary": {"covered_lines": 0, "num_statements": 6, "percent_covered": 0.0, "percent_covered_display": "0", "missing_lines": 6, "excluded_lines": 0}, "missing_lines": [6, 7, 8, 10, 11, 12], "excluded_lines": [], "functions": {"LogoutMode.__init__": {"executed_lines": [], "summary": {"covered_lines": 0, "num_statements": 1, "percent_covered": 0.0, "percent_covered_display": "0", "missing_lines": 1, "excluded_lines": 0}, "missing_lines": [8], "excluded_lines": []}, "LogoutMode.obj_name": {"executed_lines": [], "summary": {"covered_lines": 0, "num_statements": 1, "percent_covered": 0.0, "percent_covered_display": "0", "missing_lines": 1, "excluded_lines": 0}, "missing_lines": [12], "excluded_lines": []}, "": {"executed_lines": [], "summary": {"covered_lines": 0, "num_statements": 4, "percent_covered": 0.0, "percent_covered_display": "0", "missing_lines": 4, "excluded_lines": 0}, "missing_lines": [6, 7, 10, 11], "excluded_lines": []}}, "classes": {"LogoutMode": {"executed_lines": [], "summary": {"covered_lines": 0, "num_statements": 2, "percent_covered": 0.0, "percent_covered_display": "0", "missing_lines": 2, "excluded_lines": 0}, "missing_lines": [8, 12], "excluded_lines": []}, "": {"executed_lines": [], "summary": {"covered_lines": 0, "num_statements": 4, "percent_covered": 0.0, "percent_covered_display": "0", "missing_lines": 4, "excluded_lines": 0}, "missing_lines": [6, 7, 10, 11], "excluded_lines": []}}}, "src/base/model/modes/safe_mode.py": {"executed_lines": [], "summary": {"covered_lines": 0, "num_statements": 6, "percent_covered": 0.0, "percent_covered_display": "0", "missing_lines": 6, "excluded_lines": 0}, "missing_lines": [6, 7, 8, 10, 11, 12], "excluded_lines": [], "functions": {"SafeMode.__init__": {"executed_lines": [], "summary": {"covered_lines": 0, "num_statements": 1, "percent_covered": 0.0, "percent_covered_display": "0", "missing_lines": 1, "excluded_lines": 0}, "missing_lines": [8], "excluded_lines": []}, "SafeMode.obj_name": {"executed_lines": [], "summary": {"covered_lines": 0, "num_statements": 1, "percent_covered": 0.0, "percent_covered_display": "0", "missing_lines": 1, "excluded_lines": 0}, "missing_lines": [12], "excluded_lines": []}, "": {"executed_lines": [], "summary": {"covered_lines": 0, "num_statements": 4, "percent_covered": 0.0, "percent_covered_display": "0", "missing_lines": 4, "excluded_lines": 0}, "missing_lines": [6, 7, 10, 11], "excluded_lines": []}}, "classes": {"SafeMode": {"executed_lines": [], "summary": {"covered_lines": 0, "num_statements": 2, "percent_covered": 0.0, "percent_covered_display": "0", "missing_lines": 2, "excluded_lines": 0}, "missing_lines": [8, 12], "excluded_lines": []}, "": {"executed_lines": [], "summary": {"covered_lines": 0, "num_statements": 4, "percent_covered": 0.0, "percent_covered_display": "0", "missing_lines": 4, "excluded_lines": 0}, "missing_lines": [6, 7, 10, 11], "excluded_lines": []}}}, "src/base/model/modes/shutdown_mode.py": {"executed_lines": [], "summary": {"covered_lines": 0, "num_statements": 6, "percent_covered": 0.0, "percent_covered_display": "0", "missing_lines": 6, "excluded_lines": 0}, "missing_lines": [6, 7, 8, 10, 11, 12], "excluded_lines": [], "functions": {"ShutdownMode.__init__": {"executed_lines": [], "summary": {"covered_lines": 0, "num_statements": 1, "percent_covered": 0.0, "percent_covered_display": "0", "missing_lines": 1, "excluded_lines": 0}, "missing_lines": [8], "excluded_lines": []}, "ShutdownMode.obj_name": {"executed_lines": [], "summary": {"covered_lines": 0, "num_statements": 1, "percent_covered": 0.0, "percent_covered_display": "0", "missing_lines": 1, "excluded_lines": 0}, "missing_lines": [12], "excluded_lines": []}, "": {"executed_lines": [], "summary": {"covered_lines": 0, "num_statements": 4, "percent_covered": 0.0, "percent_covered_display": "0", "missing_lines": 4, "excluded_lines": 0}, "missing_lines": [6, 7, 10, 11], "excluded_lines": []}}, "classes": {"ShutdownMode": {"executed_lines": [], "summary": {"covered_lines": 0, "num_statements": 2, "percent_covered": 0.0, "percent_covered_display": "0", "missing_lines": 2, "excluded_lines": 0}, "missing_lines": [8, 12], "excluded_lines": []}, "": {"executed_lines": [], "summary": {"covered_lines": 0, "num_statements": 4, "percent_covered": 0.0, "percent_covered_display": "0", "missing_lines": 4, "excluded_lines": 0}, "missing_lines": [6, 7, 10, 11], "excluded_lines": []}}}, "src/base/model/plugin.py": {"executed_lines": [], "summary": {"covered_lines": 0, "num_statements": 20, "percent_covered": 0.0, "percent_covered_display": "0", "missing_lines": 20, "excluded_lines": 0}, "missing_lines": [4, 7, 10, 11, 13, 14, 15, 17, 18, 19, 21, 22, 23, 25, 26, 27, 29, 30, 32, 33], "excluded_lines": [], "functions": {"Plugin.__init__": {"executed_lines": [], "summary": {"covered_lines": 0, "num_statements": 1, "percent_covered": 0.0, "percent_covered_display": "0", "missing_lines": 1, "excluded_lines": 0}, "missing_lines": [11], "excluded_lines": []}, "Plugin.id": {"executed_lines": [], "summary": {"covered_lines": 0, "num_statements": 1, "percent_covered": 0.0, "percent_covered_display": "0", "missing_lines": 1, "excluded_lines": 0}, "missing_lines": [15], "excluded_lines": []}, "Plugin.name": {"executed_lines": [], "summary": {"covered_lines": 0, "num_statements": 1, "percent_covered": 0.0, "percent_covered_display": "0", "missing_lines": 1, "excluded_lines": 0}, "missing_lines": [19], "excluded_lines": []}, "Plugin.version": {"executed_lines": [], "summary": {"covered_lines": 0, "num_statements": 1, "percent_covered": 0.0, "p
[...]
115, 116, 117, 118, 119, 120], "excluded_lines": []}, "Util.write_file": {"executed_lines": [], "summary": {"covered_lines": 0, "num_statements": 7, "percent_covered": 0.0, "percent_covered_display": "0", "missing_lines": 7, "excluded_lines": 0}, "missing_lines": [124, 125, 126, 127, 128, 129, 131], "excluded_lines": []}, "Util.make_executable": {"executed_lines": [], "summary": {"covered_lines": 0, "num_statements": 5, "percent_covered": 0.0, "percent_covered_display": "0", "missing_lines": 5, "excluded_lines": 0}, "missing_lines": [135, 136, 137, 138, 139], "excluded_lines": []}, "Util.change_owner": {"executed_lines": [], "summary": {"covered_lines": 0, "num_statements": 4, "percent_covered": 0.0, "percent_covered_display": "0", "missing_lines": 4, "excluded_lines": 0}, "missing_lines": [143, 144, 145, 146], "excluded_lines": []}, "Util.get_executable_path": {"executed_lines": [], "summary": {"covered_lines": 0, "num_statements": 6, "percent_covered": 0.0, "percent_covered_display": "0", "missing_lines": 6, "excluded_lines": 0}, "missing_lines": [150, 151, 152, 153, 154, 156], "excluded_lines": []}, "Util.execute": {"executed_lines": [], "summary": {"covered_lines": 0, "num_statements": 17, "percent_covered": 0.0, "percent_covered_display": "0", "missing_lines": 17, "excluded_lines": 0}, "missing_lines": [161, 162, 163, 164, 166, 167, 168, 169, 172, 174, 175, 176, 177, 179, 181, 182, 183], "excluded_lines": []}, "Util.scopy_from_remote": {"executed_lines": [], "summary": {"covered_lines": 0, "num_statements": 6, "percent_covered": 0.0, "percent_covered_display": "0", "missing_lines": 6, "excluded_lines": 0}, "missing_lines": [187, 188, 189, 190, 191, 193], "excluded_lines": []}, "Util.execute_script": {"executed_lines": [], "summary": {"covered_lines": 0, "num_statements": 8, "percent_covered": 0.0, "percent_covered_display": "0", "missing_lines": 8, "excluded_lines": 0}, "missing_lines": [197, 198, 199, 201, 202, 203, 204, 206], "excluded_lines": []}, "Util.is_exist": {"executed_lines": [210, 211], "summary": {"covered_lines": 2, "num_statements": 4, "percent_covered": 50.0, "percent_covered_display": "50", "missing_lines": 2, "excluded_lines": 0}, "missing_lines": [212, 213], "excluded_lines": []}, "Util.create_directory": {"executed_lines": [], "summary": {"covered_lines": 0, "num_statements": 4, "percent_covered": 0.0, "percent_covered_display": "0", "missing_lines": 4, "excluded_lines": 0}, "missing_lines": [217, 218, 219, 220], "excluded_lines": []}, "Util.string_to_json": {"executed_lines": [], "summary": {"covered_lines": 0, "num_statements": 4, "percent_covered": 0.0, "percent_covered_display": "0", "missing_lines": 4, "excluded_lines": 0}, "missing_lines": [224, 225, 226, 227], "excluded_lines": []}, "Util.file_owner": {"executed_lines": [], "summary": {"covered_lines": 0, "num_statements": 6, "percent_covered": 0.0, "percent_covered_display": "0", "missing_lines": 6, "excluded_lines": 0}, "missing_lines": [234, 235, 236, 237, 238, 239], "excluded_lines": []}, "Util.file_group": {"executed_lines": [], "summary": {"covered_lines": 0, "num_statements": 6, "percent_covered": 0.0, "percent_covered_display": "0", "missing_lines": 6, "excluded_lines": 0}, "missing_lines": [243, 244, 245, 247, 248, 249], "excluded_lines": []}, "Util.install_with_dpkg": {"executed_lines": [], "summary": {"covered_lines": 0, "num_statements": 9, "percent_covered": 0.0, "percent_covered_display": "0", "missing_lines": 9, "excluded_lines": 0}, "missing_lines": [253, 254, 255, 256, 257, 258, 259, 260, 261], "excluded_lines": []}, "Util.install_with_apt_get": {"executed_lines": [], "summary": {"covered_lines": 0, "num_statements": 4, "percent_covered": 0.0, "percent_covered_display": "0", "missing_lines": 4, "excluded_lines": 0}, "missing_lines": [266, 267, 269, 271], "excluded_lines": []}, "Util.uninstall_package": {"executed_lines": [], "summary": {"covered_lines": 0, "num_statements": 4, "percent_covered": 0.0, "percent_covered_display": "0", "missing_lines": 4, "excluded_lines": 0}, "missing_lines": [276, 277, 279, 281], "excluded_lines": []}, "Util.is_installed": {"executed_lines": [], "summary": {"covered_lines": 0, "num_statements": 11, "percent_covered": 0.0, "percent_covered_display": "0", "missing_lines": 11, "excluded_lines": 0}, "missing_lines": [286, 287, 288, 289, 290, 291, 292, 293, 294, 295, 296], "excluded_lines": []}, "Util.get_md5_file": {"executed_lines": [], "summary": {"covered_lines": 0, "num_statements": 5, "percent_covered": 0.0, "percent_covered_display": "0", "missing_lines": 5, "excluded_lines": 0}, "missing_lines": [300, 301, 302, 303, 304], "excluded_lines": []}, "Util.get_md5_text": {"executed_lines": [], "summary": {"covered_lines": 0, "num_statements": 3, "percent_covered": 0.0, "percent_covered_display": "0", "missing_lines": 3, "excluded_lines": 0}, "missing_lines": [308, 309, 310], "excluded_lines": []}, "Util.timestamp": {"executed_lines": [], "summary": {"covered_lines": 0, "num_statements": 1, "percent_covered": 0.0, "percent_covered_display": "0", "missing_lines": 1, "excluded_lines": 0}, "missing_lines": [314], "excluded_lines": []}, "Util.generate_uuid": {"executed_lines": [], "summary": {"covered_lines": 0, "num_statements": 1, "percent_covered": 0.0, "percent_covered_display": "0", "missing_lines": 1, "excluded_lines": 0}, "missing_lines": [318], "excluded_lines": []}, "Util.get_language": {"executed_lines": [], "summary": {"covered_lines": 0, "num_statements": 2, "percent_covered": 0.0, "percent_covered_display": "0", "missing_lines": 2, "excluded_lines": 0}, "missing_lines": [322, 323], "excluded_lines": []}, "Util.set_permission": {"executed_lines": [], "summary": {"covered_lines": 0, "num_statements": 1, "percent_covered": 0.0, "percent_covered_display": "0", "missing_lines": 1, "excluded_lines": 0}, "missing_lines": [327], "excluded_lines": []}, "Util.has_attr_json": {"executed_lines": [], "summary": {"covered_lines": 0, "num_statements": 4, "percent_covered": 0.0, "percent_covered_display": "0", "missing_lines": 4, "excluded_lines": 0}, "missing_lines": [331, 332, 333, 334], "excluded_lines": []}, "Util.remove_package": {"executed_lines": [], "summary": {"covered_lines": 0, "num_statements": 3, "percent_covered": 0.0, "percent_covered_display": "0", "missing_lines": 3, "excluded_lines": 0}, "missing_lines": [338, 339, 340], "excluded_lines": []}, "Util.send_notify": {"executed_lines": [], "summary": {"covered_lines": 0, "num_statements": 5, "percent_covered": 0.0, "percent_covered_display": "0", "missing_lines": 5, "excluded_lines": 0}, "missing_lines": [344, 345, 346, 348, 349], "excluded_lines": []}, "Util.show_message": {"executed_lines": [], "summary": {"covered_lines": 0, "num_statements": 20, "percent_covered": 0.0, "percent_covered_display": "0", "missing_lines": 20, "excluded_lines": 0}, "missing_lines": [353, 354, 355, 356, 358, 359, 360, 361, 362, 363, 365, 367, 368, 369, 370, 372, 374, 375, 376, 377], "excluded_lines": []}, "Util.show_registration_message": {"executed_lines": [], "summary": {"covered_lines": 0, "num_statements": 10, "percent_covered": 0.0, "percent_covered_display": "0", "missing_lines": 10, "excluded_lines": 0}, "missing_lines": [381, 383, 385, 386, 388, 389, 392, 396, 397, 398], "excluded_lines": []}, "Util.show_unregistration_message": {"executed_lines": [], "summary": {"covered_lines": 0, "num_statements": 7, "percent_covered": 0.0, "percent_covered_display": "0", "missing_lines": 7, "excluded_lines": 0}, "missing_lines": [402, 403, 404, 406, 407, 408, 409], "excluded_lines": []}, "Util.get_username_display": {"executed_lines": [], "summary": {"covered_lines": 0, "num_statements": 11, "percent_covered": 0.0, "percent_covered_display": "0", "missing_lines": 11, "excluded_lines": 0}, "missing_lines": [413, 414, 415, 416, 417, 418, 419, 421, 422, 423, 424], "excluded_lines": []}, "Util.get_username_display_gnome": {"executed_lines": [], "summary": {"covered_lines": 0, "num_statements": 14, "percent_covered": 0.0, "percent_covered_display": "0", "missing_lines": 14, "excluded_lines": 0}, "missing_lines": [428, 429, 430, 431, 432, 433, 434, 435, 436, 437, 438, 439, 440, 442], "excluded_lines": []}, "Util.get_desktop_env": {"executed_lines": [], "summary": {"covered_lines": 0, "num_statements": 10, "percent_covered": 0.0, "percent_covered_display": "0", "missing_lines": 10, "excluded_lines": 0}, "missing_lines": [446, 447, 448, 449, 450, 451, 452, 453, 454, 455], "excluded_lines": []}, "Util.get_homedir": {"executed_lines": [], "summary": {"covered_lines": 0, "num_statements": 5, "percent_covered": 0.0, "percent_covered_display": "0", "missing_lines": 5, "excluded_lines": 0}, "missing_lines": [460, 461, 462, 463, 464], "excluded_lines": []}, "Util.get_username": {"executed_lines": [], "summary": {"covered_lines": 0, "num_statements": 5, "percent_covered": 0.0, "percent_covered_display": "0", "missing_lines": 5, "excluded_lines": 0}, "missing_lines": [469, 470, 471, 472, 473], "excluded_lines": []}, "Util.get_as_user": {"executed_lines": [], "summary": {"covered_lines": 0, "num_statements": 5, "percent_covered": 0.0, "percent_covered_display": "0", "missing_lines": 5, "excluded_lines": 0}, "missing_lines": [478, 479, 480, 481, 482], "excluded_lines": []}, "Util.get_gid_number": {"executed_lines": [], "summary": {"covered_lines": 0, "num_statements": 4, "percent_covered": 0.0, "percent_covered_display": "0", "missing_lines": 4, "excluded_lines": 0}, "missing_lines": [487, 488, 489, 490], "excluded_lines": []}, "Util.get_agent_version": {"executed_lines": [], "summary": {"covered_lines": 0, "num_statements": 6, "percent_covered": 0.0, "percent_covered_display": "0", "missing_lines": 6, "excluded_lines": 0}, "missing_lines": [494, 495, 496, 497, 498, 500], "excluded_lines": []}, "Util.get_active_user": {"executed_lines": [], "summary": {"covered_lines": 0, "num_statements": 3, "percent_covered": 0.0, "percent_covered_display": "0", "missing_lines": 3, "excluded_lines": 0}, "missing_lines": [505, 506, 507], "excluded_lines": []}, "": {"executed_lines": [5, 6, 7, 8, 9, 10, 11, 12, 13, 14, 15, 16, 17, 20, 23, 27, 28, 31, 32, 35, 36, 39, 40, 51, 52, 58, 59, 66, 67, 73, 74, 80, 81, 87, 88, 95, 96, 102, 103, 113, 114, 122, 123, 133, 134, 141, 142, 148, 149, 158, 159, 185, 186, 195, 196, 208, 209, 215, 216, 222, 223, 232, 233, 241, 242, 251, 252, 263, 264, 273, 274, 283, 284, 298, 299, 306, 307, 312, 313, 316, 317, 320, 321, 325, 326, 329, 330, 336, 337, 342, 343, 351, 352, 379, 380, 400, 401, 411, 412, 426, 427, 444, 445, 458, 459, 467, 468, 476, 477, 485, 486, 492, 493, 503, 504], "summary": {"covered_lines": 115, "num_statements": 115, "percent_covered": 100.0, "percent_covered_display": "100", "missing_lines": 0, "excluded_lines": 0}, "missing_lines": [], "excluded_lines": []}}, "classes": {"Util": {"executed_lines": [24, 25, 90, 91, 104, 105, 106, 107, 111, 210, 211], "summary": {"covered_lines": 11, "num_statements": 285, "percent_covered": 3.8596491228070176, "percent_covered_display": "4", "missing_lines": 274, "excluded_lines": 0}, "missing_lines": [29, 33, 37, 41, 42, 43, 45, 46, 47, 48, 49, 53, 54, 55, 56, 60, 61, 62, 63, 64, 68, 69, 70, 71, 75, 76, 77, 78, 82, 83, 84, 85, 92, 93, 97, 98, 99, 100, 108, 109, 115, 116, 117, 118, 119, 120, 124, 125, 126, 127, 128, 129, 131, 135, 136, 137, 138, 139, 143, 144, 145, 146, 150, 151, 152, 153, 154, 156, 161, 162, 163, 164, 166, 167, 168, 169, 172, 174, 175, 176, 177, 179, 181, 182, 183, 187, 188, 189, 190, 191, 193, 197, 198, 199, 201, 202, 203, 204, 206, 212, 213, 217, 218, 219, 220, 224, 225, 226, 227, 234, 235, 236, 237, 238, 239, 243, 244, 245, 247, 248, 249, 253, 254, 255, 256, 257, 258, 259, 260, 261, 266, 267, 269, 271, 276, 277, 279, 281, 286, 287, 288, 289, 290, 291, 292, 293, 294, 295, 296, 300, 301, 302, 303, 304, 308, 309, 310, 314, 318, 322, 323, 327, 331, 332, 333, 334, 338, 339, 340, 344, 345, 346, 348, 349, 353, 354, 355, 356, 358, 359, 360, 361, 362, 363, 365, 367, 368, 369, 370, 372, 374, 375, 376, 377, 381, 383, 385, 386, 388, 389, 392, 396, 397, 398, 402, 403, 404, 406, 407, 408, 409, 413, 414, 415, 416, 417, 418, 419, 421, 422, 423, 424, 428, 429, 430, 431, 432, 433, 434, 435, 436, 437, 438, 439, 440, 442, 446, 447, 448, 449, 450, 451, 452, 453, 454, 455, 460, 461, 462, 463, 464, 469, 470, 471, 472, 473, 478, 479, 480, 481, 482, 487, 488, 489, 490, 494, 495, 496, 497, 498, 500, 505, 506, 507], "excluded_lines": []}, "": {"executed_lines": [5, 6, 7, 8, 9, 10, 11, 12, 13, 14, 15, 16, 17, 20, 23, 27, 28, 31, 32, 35, 36, 39, 40, 51, 52, 58, 59, 66, 67, 73, 74, 80, 81, 87, 88, 95, 96, 102, 103, 113, 114, 122, 123, 133, 134, 141, 142, 148, 149, 158, 159, 185, 186, 195, 196, 208, 209, 215, 216, 222, 223, 232, 233, 241, 242, 251, 252, 263, 264, 273, 274, 283, 284, 298, 299, 306, 307, 312, 313, 316, 317, 320, 321, 325, 326, 329, 330, 336, 337, 342, 343, 351, 352, 379, 380, 400, 401, 411, 412, 426, 427, 444, 445, 458, 459, 467, 468, 476, 477, 485, 486, 492, 493, 503, 504], "summary": {"covered_lines": 115, "num_statements": 115, "percent_covered": 100.0, "percent_covered_display": "100", "missing_lines": 0, "excluded_lines": 0}, "missing_lines": [], "excluded_lines": []}}}, "src/helper/__init__.py": {"executed_lines": [1], "summary": {"covered_lines": 0, "num_statements": 0, "percent_covered": 100.0, "percent_covered_display": "100", "missing_lines": 0, "excluded_lines": 0}, "missing_lines": [], "excluded_lines": [], "functions": {"": {"executed_lines": [], "summary": {"covered_lines": 0, "num_statements": 0, "percent_covered": 100.0, "percent_covered_display": "100", "missing_lines": 0, "excluded_lines": 0}, "missing_lines": [], "excluded_lines": []}}, "classes": {"": {"executed_lines": [], "summary": {"covered_lines": 0, "num_statements": 0, "percent_covered": 100.0, "percent_covered_display": "100", "missing_lines": 0, "excluded_lines": 0}, "missing_lines": [], "excluded_lines": []}}}, "src/helper/system.py": {"executed_lines": [4, 6, 8, 16, 21, 23, 27, 55, 57, 62, 66], "summary": {"covered_lines": 11, "num_statements": 53, "percent_covered": 20.754716981132077, "percent_covered_display": "21", "missing_lines": 42, "excluded_lines": 0}, "missing_lines": [9, 10, 11, 12, 13, 14, 17, 24, 28, 29, 30, 32, 33, 34, 35, 36, 37, 38, 39, 40, 41, 42, 43, 44, 45, 46, 47, 48, 49, 50, 51, 53, 58, 59, 63, 64, 67, 68, 69, 70, 71, 74], "excluded_lines": [], "functions": {"ProcEntry.__init__": {"executed_lines": [], "summary": {"covered_lines": 0, "num_statements": 6, "percent_covered": 0.0, "percent_covered_display": "0", "missing_lines": 6, "excluded_lines": 0}, "missing_lines": [9, 10, 11, 12, 13, 14], "excluded_lines": []}, "ProcEntry.__str__": {"executed_lines": [], "summary": {"covered_lines": 0, "num_statements": 1, "percent_covered": 0.0, "percent_covered_display": "0", "missing_lines": 1, "excluded_lines": 0}, "missing_lines": [17], "excluded_lines": []}, "ProcParseError.__init__": {"executed_lines": [], "summary": {"covered_lines": 0, "num_statements": 1, "percent_covered": 0.0, "percent_covered_display": "0", "missing_lines": 1, "excluded_lines": 0}, "missing_lines": [24], "excluded_lines": []}, "proclist": {"executed_lines": [], "summary": {"covered_lines": 0, "num_statements": 22, "percent_covered": 0.0, "percent_covered_display": "0", "missing_lines": 22, "excluded_lines": 0}, "missing_lines": [28, 32, 33, 34, 35, 36, 37, 38, 39, 40, 41, 42, 43, 44, 45, 46, 47, 48, 49, 50, 51, 53], "excluded_lines": []}, "proclist.raise_if_less": {"executed_lines": [], "summary": {"covered_lines": 0, "num_statements": 2, "percent_covered": 0.0, "percent_covered_display": "0", "missing_lines": 2, "excluded_lines": 0}, "missing_lines": [29, 30], "excluded_lines": []}, "login_shells": {"executed_lines": [], "summary": {"covered_lines": 0, "num_statements": 2, "percent_covered": 0.0, "percent_covered_display": "0", "missing_lines": 2, "excluded_lines": 0}, "missing_lines": [58, 59], "excluded_lines": []}, "shell_is_interactive": {"executed_lines": [], "summary": {"covered_lines": 0, "num_statements": 2, "percent_covered": 0.0, "percent_covered_display": "0", "missing_lines": 2, "excluded_lines": 0}, "missing_lines": [63, 64], "excluded_lines": []}, "killuserprocs": {"executed_lines": [], "summary": {"covered_lines": 0, "num_statements": 6, "percent_covered": 0.0, "percent_covered_display": "0", "missing_lines": 6, "excluded_lines": 0}, "missing_lines": [67, 68, 69, 70, 71, 74], "excluded_lines": []}, "": {"executed_lines": [4, 6, 8, 16, 21, 23, 27, 55, 57, 62, 66], "summary": {"covered_lines": 11, "num_statements": 11, "percent_covered": 100.0, "percent_covered_display": "100", "missing_lines": 0, "excluded_lines": 0}, "missing_lines": [], "excluded_lines": []}}, "classes": {"ProcEntry": {"executed_lines": [], "summary": {"covered_lines": 0, "num_statements": 7, "percent_covered": 0.0, "percent_covered_display": "0", "missing_lines": 7, "excluded_lines": 0}, "missing_lines": [9, 10, 11, 12, 13, 14, 17], "excluded_lines": []}, "ProcParseError": {"executed_lines": [], "summary": {"covered_lines": 0, "num_statements": 1, "percent_covered": 0.0, "percent_covered_display": "0", "missing_lines": 1, "excluded_lines": 0}, "missing_lines": [24], "excluded_lines": []}, "": {"executed_lines": [4, 6, 8, 16, 21, 23, 27, 55, 57, 62, 66], "summary": {"covered_lines": 11, "num_statements": 45, "percent_covered": 24.444444444444443, "percent_covered_display": "24", "missing_lines": 34, "excluded_lines": 0}, "missing_lines": [28, 29, 30, 32, 33, 34, 35, 36, 37, 38, 39, 40, 41, 42, 43, 44, 45, 46, 47, 48, 49, 50, 51, 53, 58, 59, 63, 64, 67, 68, 69, 70, 71, 74], "excluded_lines": []}}}, "src/plugins/file-management/get_file_content.py": {"executed_lines": [5, 6, 7, 10, 11, 12, 13, 14, 15, 16, 18, 19, 20, 21, 22, 24, 25, 28, 30, 31, 32, 34, 35, 36, 37, 42, 43, 48, 57], "summary": {"covered_lines": 29, "num_statements": 34, "percent_covered": 85.29411764705883, "percent_covered_display": "85", "missing_lines": 5, "excluded_lines": 0}, "missing_lines": [52, 53, 54, 58, 59], "excluded_lines": [], "functions": {"GetFileContent.__init__": {"executed_lines": [12, 13, 14, 15, 16], "summary": {"covered_lines": 5, "num_statements": 5, "percent_covered": 100.0, "percent_covered_display": "100", "missing_lines": 0, "excluded_lines": 0}, "missing_lines": [], "excluded_lines": []}, "GetFileContent.handle_task": {"executed_lines": [19, 20, 21, 22, 24, 25, 28, 30, 31, 32, 34, 35, 36, 37, 42, 43, 48], "summary": {"covered_lines": 17, "num_statements": 20, "percent_covered": 85.0, "percent_covered_display": "85", "missing_lines": 3, "excluded_lines": 0}, "missing_lines": [52, 53, 54], "excluded_lines": []}, "handle_task": {"executed_lines": [], "summary": {"covered_lines": 0, "num_statements": 2, "percent_covered": 0.0, "percent_covered_display": "0", "missing_lines": 2, "excluded_lines": 0}, "missing_lines": [58, 59], "excluded_lines": []}, "": {"executed_lines": [5, 6, 7, 10, 11, 18, 57], "summary": {"covered_lines": 7, "num_statements": 7, "percent_covered": 100.0, "percent_covered_display": "100", "missing_lines": 0, "excluded_lines": 0}, "missing_lines": [], "excluded_lines": []}}, "classes": {"GetFileContent": {"executed_lines": [12, 13, 14, 15, 16, 19, 20, 21, 22, 24, 25, 28, 30, 31, 32, 34, 35, 36, 37, 42, 43, 48], "summary": {"covered_lines": 22, "num_statements": 25, "percent_covered": 88.0, "percent_covered_display": "88", "missing_lines": 3, "excluded_lines": 0}, "missing_lines": [52, 53, 54], "excluded_lines": []}, "": {"executed_lines": [5, 6, 7, 10, 11, 18, 57], "summary": {"covered_lines": 7, "num_statements": 9, "percent_covered": 77.77777777777777, "percent_covered_display": "78", "missing_lines": 2, "excluded_lines": 0}, "missing_lines": [58, 59], "excluded_lines": []}}}}, "totals": {"covered_lines": 574, "num_statements": 4564, "percent_covered": 12.576687116564417, "percent_covered_display": "13", "missing_lines": 3990, "excluded_lines": 0}}